<?xml version="1.0" encoding="UTF-8"?>
<testsuite xmlns:xsi="http://www.w3.org/2001/XMLSchema-instance" xsi:noNamespaceSchemaLocation="https://maven.apache.org/surefire/maven-surefire-plugin/xsd/surefire-test-report-3.0.xsd" version="3.0" name="TestRunner.Run2" time="36.52" tests="1" errors="0" skipped="0" failures="0">
  <properties>
    <property name="sun.desktop" value="windows"/>
    <property name="awt.toolkit" value="sun.awt.windows.WToolkit"/>
    <property name="java.specification.version" value="11"/>
    <property name="sun.cpu.isalist" value="amd64"/>
    <property name="sun.jnu.encoding" value="Cp1252"/>
    <property name="java.class.path" value="C:\Users\newas\eclipse-workspace\CucumberFramework\target\test-classes;C:\Users\newas\eclipse-workspace\CucumberFramework\target\classes;C:\WINDOWS\system32\config\systemprofile\.m2\repository\junit\junit\4.13.2\junit-4.13.2.jar;C:\WINDOWS\system32\config\systemprofile\.m2\repository\io\cucumber\cucumber-html\0.2.7\cucumber-html-0.2.7.jar;C:\WINDOWS\system32\config\systemprofile\.m2\repository\net\sourceforge\cobertura\cobertura\2.1.1\cobertura-2.1.1.jar;C:\WINDOWS\system32\config\systemprofile\.m2\repository\org\ow2\asm\asm\5.0.1\asm-5.0.1.jar;C:\WINDOWS\system32\config\systemprofile\.m2\repository\org\ow2\asm\asm-tree\5.0.1\asm-tree-5.0.1.jar;C:\WINDOWS\system32\config\systemprofile\.m2\repository\org\ow2\asm\asm-commons\5.0.1\asm-commons-5.0.1.jar;C:\WINDOWS\system32\config\systemprofile\.m2\repository\org\ow2\asm\asm-util\5.0.1\asm-util-5.0.1.jar;C:\WINDOWS\system32\config\systemprofile\.m2\repository\org\ow2\asm\asm-analysis\5.0.1\asm-analysis-5.0.1.jar;C:\WINDOWS\system32\config\systemprofile\.m2\repository\oro\oro\2.0.8\oro-2.0.8.jar;C:\WINDOWS\system32\config\systemprofile\.m2\repository\jaxen\jaxen\1.1.4\jaxen-1.1.4.jar;C:\WINDOWS\system32\config\systemprofile\.m2\repository\org\apache\ant\ant\1.8.3\ant-1.8.3.jar;C:\WINDOWS\system32\config\systemprofile\.m2\repository\org\apache\ant\ant-launcher\1.8.3\ant-launcher-1.8.3.jar;C:\WINDOWS\system32\config\systemprofile\.m2\repository\org\apache\ant\ant-junit\1.8.3\ant-junit-1.8.3.jar;C:\WINDOWS\system32\config\systemprofile\.m2\repository\org\mortbay\jetty\servlet-api-2.5\6.1.14\servlet-api-2.5-6.1.14.jar;C:\WINDOWS\system32\config\systemprofile\.m2\repository\org\mortbay\jetty\jetty\6.1.14\jetty-6.1.14.jar;C:\WINDOWS\system32\config\systemprofile\.m2\repository\org\mortbay\jetty\jetty-util\6.1.14\jetty-util-6.1.14.jar;C:\WINDOWS\system32\config\systemprofile\.m2\repository\org\slf4j\slf4j-api\1.7.5\slf4j-api-1.7.5.jar;C:\WINDOWS\system32\config\systemprofile\.m2\repository\ch\qos\logback\logback-classic\1.0.13\logback-classic-1.0.13.jar;C:\WINDOWS\system32\config\systemprofile\.m2\repository\ch\qos\logback\logback-core\1.0.13\logback-core-1.0.13.jar;C:\WINDOWS\system32\config\systemprofile\.m2\repository\org\apache\commons\commons-lang3\3.3.2\commons-lang3-3.3.2.jar;C:\WINDOWS\system32\config\systemprofile\.m2\repository\io\cucumber\cucumber-java\7.11.0\cucumber-java-7.11.0.jar;C:\WINDOWS\system32\config\systemprofile\.m2\repository\io\cucumber\cucumber-core\7.11.0\cucumber-core-7.11.0.jar;C:\WINDOWS\system32\config\systemprofile\.m2\repository\io\cucumber\cucumber-gherkin\7.11.0\cucumber-gherkin-7.11.0.jar;C:\WINDOWS\system32\config\systemprofile\.m2\repository\io\cucumber\cucumber-gherkin-messages\7.11.0\cucumber-gherkin-messages-7.11.0.jar;C:\WINDOWS\system32\config\systemprofile\.m2\repository\io\cucumber\tag-expressions\5.0.1\tag-expressions-5.0.1.jar;C:\WINDOWS\system32\config\systemprofile\.m2\repository\io\cucumber\cucumber-expressions\16.1.1\cucumber-expressions-16.1.1.jar;C:\WINDOWS\system32\config\systemprofile\.m2\repository\io\cucumber\datatable\7.11.0\datatable-7.11.0.jar;C:\WINDOWS\system32\config\systemprofile\.m2\repository\io\cucumber\cucumber-plugin\7.11.0\cucumber-plugin-7.11.0.jar;C:\WINDOWS\system32\config\systemprofile\.m2\repository\io\cucumber\docstring\7.11.0\docstring-7.11.0.jar;C:\WINDOWS\system32\config\systemprofile\.m2\repository\io\cucumber\html-formatter\20.2.1\html-formatter-20.2.1.jar;C:\WINDOWS\system32\config\systemprofile\.m2\repository\io\cucumber\junit-xml-formatter\0.1.0\junit-xml-formatter-0.1.0.jar;C:\WINDOWS\system32\config\systemprofile\.m2\repository\io\cucumber\ci-environment\9.1.0\ci-environment-9.1.0.jar;C:\WINDOWS\system32\config\systemprofile\.m2\repository\org\apiguardian\apiguardian-api\1.1.2\apiguardian-api-1.1.2.jar;C:\WINDOWS\system32\config\systemprofile\.m2\repository\io\cucumber\cucumber-junit\7.11.0\cucumber-junit-7.11.0.jar;C:\WINDOWS\system32\config\systemprofile\.m2\repository\io\cucumber\cucumber-jvm-deps\1.0.6\cucumber-jvm-deps-1.0.6.jar;C:\WINDOWS\system32\config\systemprofile\.m2\repository\net\masterthought\cucumber-reporting\5.7.4\cucumber-reporting-5.7.4.jar;C:\WINDOWS\system32\config\systemprofile\.m2\repository\com\fasterxml\jackson\core\jackson-databind\2.13.2.2\jackson-databind-2.13.2.2.jar;C:\WINDOWS\system32\config\systemprofile\.m2\repository\com\fasterxml\jackson\core\jackson-annotations\2.13.2\jackson-annotations-2.13.2.jar;C:\WINDOWS\system32\config\systemprofile\.m2\repository\com\fasterxml\jackson\core\jackson-core\2.13.2\jackson-core-2.13.2.jar;C:\WINDOWS\system32\config\systemprofile\.m2\repository\com\fasterxml\jackson\datatype\jackson-datatype-jsr310\2.13.2\jackson-datatype-jsr310-2.13.2.jar;C:\WINDOWS\system32\config\systemprofile\.m2\repository\org\apache\velocity\velocity-engine-core\2.3\velocity-engine-core-2.3.jar;C:\WINDOWS\system32\config\systemprofile\.m2\repository\org\apache\commons\commons-collections4\4.4\commons-collections4-4.4.jar;C:\WINDOWS\system32\config\systemprofile\.m2\repository\joda-time\joda-time\2.10.14\joda-time-2.10.14.jar;C:\WINDOWS\system32\config\systemprofile\.m2\repository\org\codehaus\plexus\plexus-utils\3.4.2\plexus-utils-3.4.2.jar;C:\WINDOWS\system32\config\systemprofile\.m2\repository\org\jsoup\jsoup\1.15.3\jsoup-1.15.3.jar;C:\WINDOWS\system32\config\systemprofile\.m2\repository\com\google\guava\guava\31.1-jre\guava-31.1-jre.jar;C:\WINDOWS\system32\config\systemprofile\.m2\repository\com\google\guava\failureaccess\1.0.1\failureaccess-1.0.1.jar;C:\WINDOWS\system32\config\systemprofile\.m2\repository\com\google\guava\listenablefuture\9999.0-empty-to-avoid-conflict-with-guava\listenablefuture-9999.0-empty-to-avoid-conflict-with-guava.jar;C:\WINDOWS\system32\config\systemprofile\.m2\repository\com\google\code\findbugs\jsr305\3.0.2\jsr305-3.0.2.jar;C:\WINDOWS\system32\config\systemprofile\.m2\repository\org\checkerframework\checker-qual\3.12.0\checker-qual-3.12.0.jar;C:\WINDOWS\system32\config\systemprofile\.m2\repository\com\google\errorprone\error_prone_annotations\2.11.0\error_prone_annotations-2.11.0.jar;C:\WINDOWS\system32\config\systemprofile\.m2\repository\com\google\j2objc\j2objc-annotations\1.3\j2objc-annotations-1.3.jar;C:\WINDOWS\system32\config\systemprofile\.m2\repository\com\googlecode\owasp-java-html-sanitizer\owasp-java-html-sanitizer\20211018.2\owasp-java-html-sanitizer-20211018.2.jar;C:\WINDOWS\system32\config\systemprofile\.m2\repository\commons-configuration\commons-configuration\1.10\commons-configuration-1.10.jar;C:\WINDOWS\system32\config\systemprofile\.m2\repository\commons-lang\commons-lang\2.6\commons-lang-2.6.jar;C:\WINDOWS\system32\config\systemprofile\.m2\repository\commons-logging\commons-logging\1.1.1\commons-logging-1.1.1.jar;C:\WINDOWS\system32\config\systemprofile\.m2\repository\org\hamcrest\hamcrest-core\2.2\hamcrest-core-2.2.jar;C:\WINDOWS\system32\config\systemprofile\.m2\repository\org\hamcrest\hamcrest\2.2\hamcrest-2.2.jar;C:\WINDOWS\system32\config\systemprofile\.m2\repository\io\cucumber\gherkin\26.0.3\gherkin-26.0.3.jar;C:\WINDOWS\system32\config\systemprofile\.m2\repository\io\cucumber\messages\21.0.1\messages-21.0.1.jar;C:\WINDOWS\system32\config\systemprofile\.m2\repository\org\seleniumhq\selenium\selenium-java\4.7.2\selenium-java-4.7.2.jar;C:\WINDOWS\system32\config\systemprofile\.m2\repository\org\seleniumhq\selenium\selenium-api\4.7.2\selenium-api-4.7.2.jar;C:\WINDOWS\system32\config\systemprofile\.m2\repository\org\seleniumhq\selenium\selenium-chrome-driver\4.7.2\selenium-chrome-driver-4.7.2.jar;C:\WINDOWS\system32\config\systemprofile\.m2\repository\com\google\auto\service\auto-service-annotations\1.0.1\auto-service-annotations-1.0.1.jar;C:\WINDOWS\system32\config\systemprofile\.m2\repository\com\google\auto\service\auto-service\1.0.1\auto-service-1.0.1.jar;C:\WINDOWS\system32\config\systemprofile\.m2\repository\com\google\auto\auto-common\1.2\auto-common-1.2.jar;C:\WINDOWS\system32\config\systemprofile\.m2\repository\org\seleniumhq\selenium\selenium-chromium-driver\4.7.2\selenium-chromium-driver-4.7.2.jar;C:\WINDOWS\system32\config\systemprofile\.m2\repository\org\seleniumhq\selenium\selenium-json\4.7.2\selenium-json-4.7.2.jar;C:\WINDOWS\system32\config\systemprofile\.m2\repository\org\seleniumhq\selenium\selenium-devtools-v106\4.7.2\selenium-devtools-v106-4.7.2.jar;C:\WINDOWS\system32\config\systemprofile\.m2\repository\org\seleniumhq\selenium\selenium-devtools-v107\4.7.2\selenium-devtools-v107-4.7.2.jar;C:\WINDOWS\system32\config\systemprofile\.m2\repository\org\seleniumhq\selenium\selenium-devtools-v108\4.7.2\selenium-devtools-v108-4.7.2.jar;C:\WINDOWS\system32\config\systemprofile\.m2\repository\org\seleniumhq\selenium\selenium-devtools-v85\4.7.2\selenium-devtools-v85-4.7.2.jar;C:\WINDOWS\system32\config\systemprofile\.m2\repository\org\seleniumhq\selenium\selenium-edge-driver\4.7.2\selenium-edge-driver-4.7.2.jar;C:\WINDOWS\system32\config\systemprofile\.m2\repository\org\seleniumhq\selenium\selenium-firefox-driver\4.7.2\selenium-firefox-driver-4.7.2.jar;C:\WINDOWS\system32\config\systemprofile\.m2\repository\org\seleniumhq\selenium\selenium-http\4.7.2\selenium-http-4.7.2.jar;C:\WINDOWS\system32\config\systemprofile\.m2\repository\dev\failsafe\failsafe\3.3.0\failsafe-3.3.0.jar;C:\WINDOWS\system32\config\systemprofile\.m2\repository\org\seleniumhq\selenium\selenium-ie-driver\4.7.2\selenium-ie-driver-4.7.2.jar;C:\WINDOWS\system32\config\systemprofile\.m2\repository\org\seleniumhq\selenium\selenium-remote-driver\4.7.2\selenium-remote-driver-4.7.2.jar;C:\WINDOWS\system32\config\systemprofile\.m2\repository\com\beust\jcommander\1.82\jcommander-1.82.jar;C:\WINDOWS\system32\config\systemprofile\.m2\repository\io\netty\netty-buffer\4.1.84.Final\netty-buffer-4.1.84.Final.jar;C:\WINDOWS\system32\config\systemprofile\.m2\repository\io\netty\netty-codec-http\4.1.84.Final\netty-codec-http-4.1.84.Final.jar;C:\WINDOWS\system32\config\systemprofile\.m2\repository\io\netty\netty-codec\4.1.84.Final\netty-codec-4.1.84.Final.jar;C:\WINDOWS\system32\config\systemprofile\.m2\repository\io\netty\netty-handler\4.1.84.Final\netty-handler-4.1.84.Final.jar;C:\WINDOWS\system32\config\systemprofile\.m2\repository\io\netty\netty-common\4.1.84.Final\netty-common-4.1.84.Final.jar;C:\WINDOWS\system32\config\systemprofile\.m2\repository\io\netty\netty-transport-classes-epoll\4.1.84.Final\netty-transport-classes-epoll-4.1.84.Final.jar;C:\WINDOWS\system32\config\systemprofile\.m2\repository\io\netty\netty-transport-classes-kqueue\4.1.84.Final\netty-transport-classes-kqueue-4.1.84.Final.jar;C:\WINDOWS\system32\config\systemprofile\.m2\repository\io\netty\netty-transport-native-epoll\4.1.84.Final\netty-transport-native-epoll-4.1.84.Final.jar;C:\WINDOWS\system32\config\systemprofile\.m2\repository\io\netty\netty-transport-native-kqueue\4.1.84.Final\netty-transport-native-kqueue-4.1.84.Final.jar;C:\WINDOWS\system32\config\systemprofile\.m2\repository\io\netty\netty-transport-native-unix-common\4.1.84.Final\netty-transport-native-unix-common-4.1.84.Final.jar;C:\WINDOWS\system32\config\systemprofile\.m2\repository\io\netty\netty-transport\4.1.84.Final\netty-transport-4.1.84.Final.jar;C:\WINDOWS\system32\config\systemprofile\.m2\repository\io\netty\netty-resolver\4.1.84.Final\netty-resolver-4.1.84.Final.jar;C:\WINDOWS\system32\config\systemprofile\.m2\repository\io\opentelemetry\opentelemetry-api\1.19.0\opentelemetry-api-1.19.0.jar;C:\WINDOWS\system32\config\systemprofile\.m2\repository\io\opentelemetry\opentelemetry-context\1.19.0\opentelemetry-context-1.19.0.jar;C:\WINDOWS\system32\config\systemprofile\.m2\repository\io\opentelemetry\opentelemetry-exporter-logging\1.19.0\opentelemetry-exporter-logging-1.19.0.jar;C:\WINDOWS\system32\config\systemprofile\.m2\repository\io\opentelemetry\opentelemetry-sdk-metrics\1.19.0\opentelemetry-sdk-metrics-1.19.0.jar;C:\WINDOWS\system32\config\systemprofile\.m2\repository\io\opentelemetry\opentelemetry-sdk-logs\1.19.0-alpha\opentelemetry-sdk-logs-1.19.0-alpha.jar;C:\WINDOWS\system32\config\systemprofile\.m2\repository\io\opentelemetry\opentelemetry-api-logs\1.19.0-alpha\opentelemetry-api-logs-1.19.0-alpha.jar;C:\WINDOWS\system32\config\systemprofile\.m2\repository\io\opentelemetry\opentelemetry-sdk-common\1.19.0\opentelemetry-sdk-common-1.19.0.jar;C:\WINDOWS\system32\config\systemprofile\.m2\repository\io\opentelemetry\opentelemetry-sdk-extension-autoconfigure-spi\1.19.0\opentelemetry-sdk-extension-autoconfigure-spi-1.19.0.jar;C:\WINDOWS\system32\config\systemprofile\.m2\repository\io\opentelemetry\opentelemetry-sdk-extension-autoconfigure\1.19.0-alpha\opentelemetry-sdk-extension-autoconfigure-1.19.0-alpha.jar;C:\WINDOWS\system32\config\systemprofile\.m2\repository\io\opentelemetry\opentelemetry-exporter-common\1.19.0\opentelemetry-exporter-common-1.19.0.jar;C:\WINDOWS\system32\config\systemprofile\.m2\repository\io\opentelemetry\opentelemetry-sdk-trace\1.19.0\opentelemetry-sdk-trace-1.19.0.jar;C:\WINDOWS\system32\config\systemprofile\.m2\repository\io\opentelemetry\opentelemetry-sdk\1.19.0\opentelemetry-sdk-1.19.0.jar;C:\WINDOWS\system32\config\systemprofile\.m2\repository\io\opentelemetry\opentelemetry-semconv\1.19.0-alpha\opentelemetry-semconv-1.19.0-alpha.jar;C:\WINDOWS\system32\config\systemprofile\.m2\repository\io\ous\jtoml\2.0.0\jtoml-2.0.0.jar;C:\WINDOWS\system32\config\systemprofile\.m2\repository\net\bytebuddy\byte-buddy\1.12.18\byte-buddy-1.12.18.jar;C:\WINDOWS\system32\config\systemprofile\.m2\repository\org\apache\commons\commons-exec\1.3\commons-exec-1.3.jar;C:\WINDOWS\system32\config\systemprofile\.m2\repository\org\asynchttpclient\async-http-client\2.12.3\async-http-client-2.12.3.jar;C:\WINDOWS\system32\config\systemprofile\.m2\repository\org\asynchttpclient\async-http-client-netty-utils\2.12.3\async-http-client-netty-utils-2.12.3.jar;C:\WINDOWS\system32\config\systemprofile\.m2\repository\io\netty\netty-codec-socks\4.1.60.Final\netty-codec-socks-4.1.60.Final.jar;C:\WINDOWS\system32\config\systemprofile\.m2\repository\io\netty\netty-handler-proxy\4.1.60.Final\netty-handler-proxy-4.1.60.Final.jar;C:\WINDOWS\system32\config\systemprofile\.m2\repository\io\netty\netty-transport-native-epoll\4.1.60.Final\netty-transport-native-epoll-4.1.60.Final-linux-x86_64.jar;C:\WINDOWS\system32\config\systemprofile\.m2\repository\io\netty\netty-transport-native-kqueue\4.1.60.Final\netty-transport-native-kqueue-4.1.60.Final-osx-x86_64.jar;C:\WINDOWS\system32\config\systemprofile\.m2\repository\org\reactivestreams\reactive-streams\1.0.3\reactive-streams-1.0.3.jar;C:\WINDOWS\system32\config\systemprofile\.m2\repository\com\typesafe\netty\netty-reactive-streams\2.0.4\netty-reactive-streams-2.0.4.jar;C:\WINDOWS\system32\config\systemprofile\.m2\repository\com\sun\activation\jakarta.activation\1.2.2\jakarta.activation-1.2.2.jar;C:\WINDOWS\system32\config\systemprofile\.m2\repository\org\seleniumhq\selenium\selenium-manager\4.7.2\selenium-manager-4.7.2.jar;C:\WINDOWS\system32\config\systemprofile\.m2\repository\org\seleniumhq\selenium\selenium-safari-driver\4.7.2\selenium-safari-driver-4.7.2.jar;C:\WINDOWS\system32\config\systemprofile\.m2\repository\org\seleniumhq\selenium\selenium-support\4.7.2\selenium-support-4.7.2.jar;C:\WINDOWS\system32\config\systemprofile\.m2\repository\io\github\bonigarcia\webdrivermanager\5.3.1\webdrivermanager-5.3.1.jar;C:\WINDOWS\system32\config\systemprofile\.m2\repository\com\google\code\gson\gson\2.10\gson-2.10.jar;C:\WINDOWS\system32\config\systemprofile\.m2\repository\com\github\docker-java\docker-java\3.2.13\docker-java-3.2.13.jar;C:\WINDOWS\system32\config\systemprofile\.m2\repository\com\github\docker-java\docker-java-core\3.2.13\docker-java-core-3.2.13.jar;C:\WINDOWS\system32\config\systemprofile\.m2\repository\com\github\docker-java\docker-java-api\3.2.13\docker-java-api-3.2.13.jar;C:\WINDOWS\system32\config\systemprofile\.m2\repository\org\apache\commons\commons-compress\1.21\commons-compress-1.21.jar;C:\WINDOWS\system32\config\systemprofile\.m2\repository\org\bouncycastle\bcpkix-jdk15on\1.64\bcpkix-jdk15on-1.64.jar;C:\WINDOWS\system32\config\systemprofile\.m2\repository\org\bouncycastle\bcprov-jdk15on\1.64\bcprov-jdk15on-1.64.jar;C:\WINDOWS\system32\config\systemprofile\.m2\repository\org\slf4j\jcl-over-slf4j\1.7.30\jcl-over-slf4j-1.7.30.jar;C:\WINDOWS\system32\config\systemprofile\.m2\repository\com\github\docker-java\docker-java-transport-httpclient5\3.2.13\docker-java-transport-httpclient5-3.2.13.jar;C:\WINDOWS\system32\config\systemprofile\.m2\repository\com\github\docker-java\docker-java-transport\3.2.13\docker-java-transport-3.2.13.jar;C:\WINDOWS\system32\config\systemprofile\.m2\repository\net\java\dev\jna\jna\5.8.0\jna-5.8.0.jar;C:\WINDOWS\system32\config\systemprofile\.m2\repository\org\brotli\dec\0.1.2\dec-0.1.2.jar;C:\WINDOWS\system32\config\systemprofile\.m2\repository\org\apache\httpcomponents\client5\httpclient5\5.1.3\httpclient5-5.1.3.jar;C:\WINDOWS\system32\config\systemprofile\.m2\repository\org\apache\httpcomponents\core5\httpcore5\5.1.3\httpcore5-5.1.3.jar;C:\WINDOWS\system32\config\systemprofile\.m2\repository\org\apache\httpcomponents\core5\httpcore5-h2\5.1.3\httpcore5-h2-5.1.3.jar;C:\WINDOWS\system32\config\systemprofile\.m2\repository\commons-codec\commons-codec\1.15\commons-codec-1.15.jar;C:\Program Files\Java\jdk-19\lib\tools-1.5.0.jar;C:\WINDOWS\system32\config\systemprofile\.m2\repository\commons-io\commons-io\2.11.0\commons-io-2.11.0.jar;C:\WINDOWS\system32\config\systemprofile\.m2\repository\org\apache\logging\log4j\log4j-core\2.19.0\log4j-core-2.19.0.jar;C:\WINDOWS\system32\config\systemprofile\.m2\repository\org\apache\logging\log4j\log4j-api\2.19.0\log4j-api-2.19.0.jar;"/>
    <property name="java.vm.vendor" value="Oracle Corporation"/>
    <property name="sun.arch.data.model" value="64"/>
    <property name="user.variant" value=""/>
    <property name="java.vendor.url" value="https://openjdk.java.net/"/>
    <property name="user.timezone" value="Asia/Calcutta"/>
    <property name="java.vm.specification.version" value="11"/>
    <property name="os.name" value="Windows 10"/>
    <property name="sun.java.launcher" value="SUN_STANDARD"/>
    <property name="user.country" value="US"/>
    <property name="sun.boot.library.path" value="C:\Program Files\Java\jdk-11.0.17\bin"/>
    <property name="sun.java.command" value="C:\Windows\Temp\surefire7250596430194046861\surefirebooter-20230119223009051_3.jar C:\Windows\Temp\surefire7250596430194046861 2023-01-19T22-30-08_498-jvmRun1 surefire-20230119223009051_1tmp surefire_0-20230119223009051_2tmp"/>
    <property name="jdk.debug" value="release"/>
    <property name="surefire.test.class.path" value="C:\Users\newas\eclipse-workspace\CucumberFramework\target\test-classes;C:\Users\newas\eclipse-workspace\CucumberFramework\target\classes;C:\WINDOWS\system32\config\systemprofile\.m2\repository\junit\junit\4.13.2\junit-4.13.2.jar;C:\WINDOWS\system32\config\systemprofile\.m2\repository\io\cucumber\cucumber-html\0.2.7\cucumber-html-0.2.7.jar;C:\WINDOWS\system32\config\systemprofile\.m2\repository\net\sourceforge\cobertura\cobertura\2.1.1\cobertura-2.1.1.jar;C:\WINDOWS\system32\config\systemprofile\.m2\repository\org\ow2\asm\asm\5.0.1\asm-5.0.1.jar;C:\WINDOWS\system32\config\systemprofile\.m2\repository\org\ow2\asm\asm-tree\5.0.1\asm-tree-5.0.1.jar;C:\WINDOWS\system32\config\systemprofile\.m2\repository\org\ow2\asm\asm-commons\5.0.1\asm-commons-5.0.1.jar;C:\WINDOWS\system32\config\systemprofile\.m2\repository\org\ow2\asm\asm-util\5.0.1\asm-util-5.0.1.jar;C:\WINDOWS\system32\config\systemprofile\.m2\repository\org\ow2\asm\asm-analysis\5.0.1\asm-analysis-5.0.1.jar;C:\WINDOWS\system32\config\systemprofile\.m2\repository\oro\oro\2.0.8\oro-2.0.8.jar;C:\WINDOWS\system32\config\systemprofile\.m2\repository\jaxen\jaxen\1.1.4\jaxen-1.1.4.jar;C:\WINDOWS\system32\config\systemprofile\.m2\repository\org\apache\ant\ant\1.8.3\ant-1.8.3.jar;C:\WINDOWS\system32\config\systemprofile\.m2\repository\org\apache\ant\ant-launcher\1.8.3\ant-launcher-1.8.3.jar;C:\WINDOWS\system32\config\systemprofile\.m2\repository\org\apache\ant\ant-junit\1.8.3\ant-junit-1.8.3.jar;C:\WINDOWS\system32\config\systemprofile\.m2\repository\org\mortbay\jetty\servlet-api-2.5\6.1.14\servlet-api-2.5-6.1.14.jar;C:\WINDOWS\system32\config\systemprofile\.m2\repository\org\mortbay\jetty\jetty\6.1.14\jetty-6.1.14.jar;C:\WINDOWS\system32\config\systemprofile\.m2\repository\org\mortbay\jetty\jetty-util\6.1.14\jetty-util-6.1.14.jar;C:\WINDOWS\system32\config\systemprofile\.m2\repository\org\slf4j\slf4j-api\1.7.5\slf4j-api-1.7.5.jar;C:\WINDOWS\system32\config\systemprofile\.m2\repository\ch\qos\logback\logback-classic\1.0.13\logback-classic-1.0.13.jar;C:\WINDOWS\system32\config\systemprofile\.m2\repository\ch\qos\logback\logback-core\1.0.13\logback-core-1.0.13.jar;C:\WINDOWS\system32\config\systemprofile\.m2\repository\org\apache\commons\commons-lang3\3.3.2\commons-lang3-3.3.2.jar;C:\WINDOWS\system32\config\systemprofile\.m2\repository\io\cucumber\cucumber-java\7.11.0\cucumber-java-7.11.0.jar;C:\WINDOWS\system32\config\systemprofile\.m2\repository\io\cucumber\cucumber-core\7.11.0\cucumber-core-7.11.0.jar;C:\WINDOWS\system32\config\systemprofile\.m2\repository\io\cucumber\cucumber-gherkin\7.11.0\cucumber-gherkin-7.11.0.jar;C:\WINDOWS\system32\config\systemprofile\.m2\repository\io\cucumber\cucumber-gherkin-messages\7.11.0\cucumber-gherkin-messages-7.11.0.jar;C:\WINDOWS\system32\config\systemprofile\.m2\repository\io\cucumber\tag-expressions\5.0.1\tag-expressions-5.0.1.jar;C:\WINDOWS\system32\config\systemprofile\.m2\repository\io\cucumber\cucumber-expressions\16.1.1\cucumber-expressions-16.1.1.jar;C:\WINDOWS\system32\config\systemprofile\.m2\repository\io\cucumber\datatable\7.11.0\datatable-7.11.0.jar;C:\WINDOWS\system32\config\systemprofile\.m2\repository\io\cucumber\cucumber-plugin\7.11.0\cucumber-plugin-7.11.0.jar;C:\WINDOWS\system32\config\systemprofile\.m2\repository\io\cucumber\docstring\7.11.0\docstring-7.11.0.jar;C:\WINDOWS\system32\config\systemprofile\.m2\repository\io\cucumber\html-formatter\20.2.1\html-formatter-20.2.1.jar;C:\WINDOWS\system32\config\systemprofile\.m2\repository\io\cucumber\junit-xml-formatter\0.1.0\junit-xml-formatter-0.1.0.jar;C:\WINDOWS\system32\config\systemprofile\.m2\repository\io\cucumber\ci-environment\9.1.0\ci-environment-9.1.0.jar;C:\WINDOWS\system32\config\systemprofile\.m2\repository\org\apiguardian\apiguardian-api\1.1.2\apiguardian-api-1.1.2.jar;C:\WINDOWS\system32\config\systemprofile\.m2\repository\io\cucumber\cucumber-junit\7.11.0\cucumber-junit-7.11.0.jar;C:\WINDOWS\system32\config\systemprofile\.m2\repository\io\cucumber\cucumber-jvm-deps\1.0.6\cucumber-jvm-deps-1.0.6.jar;C:\WINDOWS\system32\config\systemprofile\.m2\repository\net\masterthought\cucumber-reporting\5.7.4\cucumber-reporting-5.7.4.jar;C:\WINDOWS\system32\config\systemprofile\.m2\repository\com\fasterxml\jackson\core\jackson-databind\2.13.2.2\jackson-databind-2.13.2.2.jar;C:\WINDOWS\system32\config\systemprofile\.m2\repository\com\fasterxml\jackson\core\jackson-annotations\2.13.2\jackson-annotations-2.13.2.jar;C:\WINDOWS\system32\config\systemprofile\.m2\repository\com\fasterxml\jackson\core\jackson-core\2.13.2\jackson-core-2.13.2.jar;C:\WINDOWS\system32\config\systemprofile\.m2\repository\com\fasterxml\jackson\datatype\jackson-datatype-jsr310\2.13.2\jackson-datatype-jsr310-2.13.2.jar;C:\WINDOWS\system32\config\systemprofile\.m2\repository\org\apache\velocity\velocity-engine-core\2.3\velocity-engine-core-2.3.jar;C:\WINDOWS\system32\config\systemprofile\.m2\repository\org\apache\commons\commons-collections4\4.4\commons-collections4-4.4.jar;C:\WINDOWS\system32\config\systemprofile\.m2\repository\joda-time\joda-time\2.10.14\joda-time-2.10.14.jar;C:\WINDOWS\system32\config\systemprofile\.m2\repository\org\codehaus\plexus\plexus-utils\3.4.2\plexus-utils-3.4.2.jar;C:\WINDOWS\system32\config\systemprofile\.m2\repository\org\jsoup\jsoup\1.15.3\jsoup-1.15.3.jar;C:\WINDOWS\system32\config\systemprofile\.m2\repository\com\google\guava\guava\31.1-jre\guava-31.1-jre.jar;C:\WINDOWS\system32\config\systemprofile\.m2\repository\com\google\guava\failureaccess\1.0.1\failureaccess-1.0.1.jar;C:\WINDOWS\system32\config\systemprofile\.m2\repository\com\google\guava\listenablefuture\9999.0-empty-to-avoid-conflict-with-guava\listenablefuture-9999.0-empty-to-avoid-conflict-with-guava.jar;C:\WINDOWS\system32\config\systemprofile\.m2\repository\com\google\code\findbugs\jsr305\3.0.2\jsr305-3.0.2.jar;C:\WINDOWS\system32\config\systemprofile\.m2\repository\org\checkerframework\checker-qual\3.12.0\checker-qual-3.12.0.jar;C:\WINDOWS\system32\config\systemprofile\.m2\repository\com\google\errorprone\error_prone_annotations\2.11.0\error_prone_annotations-2.11.0.jar;C:\WINDOWS\system32\config\systemprofile\.m2\repository\com\google\j2objc\j2objc-annotations\1.3\j2objc-annotations-1.3.jar;C:\WINDOWS\system32\config\systemprofile\.m2\repository\com\googlecode\owasp-java-html-sanitizer\owasp-java-html-sanitizer\20211018.2\owasp-java-html-sanitizer-20211018.2.jar;C:\WINDOWS\system32\config\systemprofile\.m2\repository\commons-configuration\commons-configuration\1.10\commons-configuration-1.10.jar;C:\WINDOWS\system32\config\systemprofile\.m2\repository\commons-lang\commons-lang\2.6\commons-lang-2.6.jar;C:\WINDOWS\system32\config\systemprofile\.m2\repository\commons-logging\commons-logging\1.1.1\commons-logging-1.1.1.jar;C:\WINDOWS\system32\config\systemprofile\.m2\repository\org\hamcrest\hamcrest-core\2.2\hamcrest-core-2.2.jar;C:\WINDOWS\system32\config\systemprofile\.m2\repository\org\hamcrest\hamcrest\2.2\hamcrest-2.2.jar;C:\WINDOWS\system32\config\systemprofile\.m2\repository\io\cucumber\gherkin\26.0.3\gherkin-26.0.3.jar;C:\WINDOWS\system32\config\systemprofile\.m2\repository\io\cucumber\messages\21.0.1\messages-21.0.1.jar;C:\WINDOWS\system32\config\systemprofile\.m2\repository\org\seleniumhq\selenium\selenium-java\4.7.2\selenium-java-4.7.2.jar;C:\WINDOWS\system32\config\systemprofile\.m2\repository\org\seleniumhq\selenium\selenium-api\4.7.2\selenium-api-4.7.2.jar;C:\WINDOWS\system32\config\systemprofile\.m2\repository\org\seleniumhq\selenium\selenium-chrome-driver\4.7.2\selenium-chrome-driver-4.7.2.jar;C:\WINDOWS\system32\config\systemprofile\.m2\repository\com\google\auto\service\auto-service-annotations\1.0.1\auto-service-annotations-1.0.1.jar;C:\WINDOWS\system32\config\systemprofile\.m2\repository\com\google\auto\service\auto-service\1.0.1\auto-service-1.0.1.jar;C:\WINDOWS\system32\config\systemprofile\.m2\repository\com\google\auto\auto-common\1.2\auto-common-1.2.jar;C:\WINDOWS\system32\config\systemprofile\.m2\repository\org\seleniumhq\selenium\selenium-chromium-driver\4.7.2\selenium-chromium-driver-4.7.2.jar;C:\WINDOWS\system32\config\systemprofile\.m2\repository\org\seleniumhq\selenium\selenium-json\4.7.2\selenium-json-4.7.2.jar;C:\WINDOWS\system32\config\systemprofile\.m2\repository\org\seleniumhq\selenium\selenium-devtools-v106\4.7.2\selenium-devtools-v106-4.7.2.jar;C:\WINDOWS\system32\config\systemprofile\.m2\repository\org\seleniumhq\selenium\selenium-devtools-v107\4.7.2\selenium-devtools-v107-4.7.2.jar;C:\WINDOWS\system32\config\systemprofile\.m2\repository\org\seleniumhq\selenium\selenium-devtools-v108\4.7.2\selenium-devtools-v108-4.7.2.jar;C:\WINDOWS\system32\config\systemprofile\.m2\repository\org\seleniumhq\selenium\selenium-devtools-v85\4.7.2\selenium-devtools-v85-4.7.2.jar;C:\WINDOWS\system32\config\systemprofile\.m2\repository\org\seleniumhq\selenium\selenium-edge-driver\4.7.2\selenium-edge-driver-4.7.2.jar;C:\WINDOWS\system32\config\systemprofile\.m2\repository\org\seleniumhq\selenium\selenium-firefox-driver\4.7.2\selenium-firefox-driver-4.7.2.jar;C:\WINDOWS\system32\config\systemprofile\.m2\repository\org\seleniumhq\selenium\selenium-http\4.7.2\selenium-http-4.7.2.jar;C:\WINDOWS\system32\config\systemprofile\.m2\repository\dev\failsafe\failsafe\3.3.0\failsafe-3.3.0.jar;C:\WINDOWS\system32\config\systemprofile\.m2\repository\org\seleniumhq\selenium\selenium-ie-driver\4.7.2\selenium-ie-driver-4.7.2.jar;C:\WINDOWS\system32\config\systemprofile\.m2\repository\org\seleniumhq\selenium\selenium-remote-driver\4.7.2\selenium-remote-driver-4.7.2.jar;C:\WINDOWS\system32\config\systemprofile\.m2\repository\com\beust\jcommander\1.82\jcommander-1.82.jar;C:\WINDOWS\system32\config\systemprofile\.m2\repository\io\netty\netty-buffer\4.1.84.Final\netty-buffer-4.1.84.Final.jar;C:\WINDOWS\system32\config\systemprofile\.m2\repository\io\netty\netty-codec-http\4.1.84.Final\netty-codec-http-4.1.84.Final.jar;C:\WINDOWS\system32\config\systemprofile\.m2\repository\io\netty\netty-codec\4.1.84.Final\netty-codec-4.1.84.Final.jar;C:\WINDOWS\system32\config\systemprofile\.m2\repository\io\netty\netty-handler\4.1.84.Final\netty-handler-4.1.84.Final.jar;C:\WINDOWS\system32\config\systemprofile\.m2\repository\io\netty\netty-common\4.1.84.Final\netty-common-4.1.84.Final.jar;C:\WINDOWS\system32\config\systemprofile\.m2\repository\io\netty\netty-transport-classes-epoll\4.1.84.Final\netty-transport-classes-epoll-4.1.84.Final.jar;C:\WINDOWS\system32\config\systemprofile\.m2\repository\io\netty\netty-transport-classes-kqueue\4.1.84.Final\netty-transport-classes-kqueue-4.1.84.Final.jar;C:\WINDOWS\system32\config\systemprofile\.m2\repository\io\netty\netty-transport-native-epoll\4.1.84.Final\netty-transport-native-epoll-4.1.84.Final.jar;C:\WINDOWS\system32\config\systemprofile\.m2\repository\io\netty\netty-transport-native-kqueue\4.1.84.Final\netty-transport-native-kqueue-4.1.84.Final.jar;C:\WINDOWS\system32\config\systemprofile\.m2\repository\io\netty\netty-transport-native-unix-common\4.1.84.Final\netty-transport-native-unix-common-4.1.84.Final.jar;C:\WINDOWS\system32\config\systemprofile\.m2\repository\io\netty\netty-transport\4.1.84.Final\netty-transport-4.1.84.Final.jar;C:\WINDOWS\system32\config\systemprofile\.m2\repository\io\netty\netty-resolver\4.1.84.Final\netty-resolver-4.1.84.Final.jar;C:\WINDOWS\system32\config\systemprofile\.m2\repository\io\opentelemetry\opentelemetry-api\1.19.0\opentelemetry-api-1.19.0.jar;C:\WINDOWS\system32\config\systemprofile\.m2\repository\io\opentelemetry\opentelemetry-context\1.19.0\opentelemetry-context-1.19.0.jar;C:\WINDOWS\system32\config\systemprofile\.m2\repository\io\opentelemetry\opentelemetry-exporter-logging\1.19.0\opentelemetry-exporter-logging-1.19.0.jar;C:\WINDOWS\system32\config\systemprofile\.m2\repository\io\opentelemetry\opentelemetry-sdk-metrics\1.19.0\opentelemetry-sdk-metrics-1.19.0.jar;C:\WINDOWS\system32\config\systemprofile\.m2\repository\io\opentelemetry\opentelemetry-sdk-logs\1.19.0-alpha\opentelemetry-sdk-logs-1.19.0-alpha.jar;C:\WINDOWS\system32\config\systemprofile\.m2\repository\io\opentelemetry\opentelemetry-api-logs\1.19.0-alpha\opentelemetry-api-logs-1.19.0-alpha.jar;C:\WINDOWS\system32\config\systemprofile\.m2\repository\io\opentelemetry\opentelemetry-sdk-common\1.19.0\opentelemetry-sdk-common-1.19.0.jar;C:\WINDOWS\system32\config\systemprofile\.m2\repository\io\opentelemetry\opentelemetry-sdk-extension-autoconfigure-spi\1.19.0\opentelemetry-sdk-extension-autoconfigure-spi-1.19.0.jar;C:\WINDOWS\system32\config\systemprofile\.m2\repository\io\opentelemetry\opentelemetry-sdk-extension-autoconfigure\1.19.0-alpha\opentelemetry-sdk-extension-autoconfigure-1.19.0-alpha.jar;C:\WINDOWS\system32\config\systemprofile\.m2\repository\io\opentelemetry\opentelemetry-exporter-common\1.19.0\opentelemetry-exporter-common-1.19.0.jar;C:\WINDOWS\system32\config\systemprofile\.m2\repository\io\opentelemetry\opentelemetry-sdk-trace\1.19.0\opentelemetry-sdk-trace-1.19.0.jar;C:\WINDOWS\system32\config\systemprofile\.m2\repository\io\opentelemetry\opentelemetry-sdk\1.19.0\opentelemetry-sdk-1.19.0.jar;C:\WINDOWS\system32\config\systemprofile\.m2\repository\io\opentelemetry\opentelemetry-semconv\1.19.0-alpha\opentelemetry-semconv-1.19.0-alpha.jar;C:\WINDOWS\system32\config\systemprofile\.m2\repository\io\ous\jtoml\2.0.0\jtoml-2.0.0.jar;C:\WINDOWS\system32\config\systemprofile\.m2\repository\net\bytebuddy\byte-buddy\1.12.18\byte-buddy-1.12.18.jar;C:\WINDOWS\system32\config\systemprofile\.m2\repository\org\apache\commons\commons-exec\1.3\commons-exec-1.3.jar;C:\WINDOWS\system32\config\systemprofile\.m2\repository\org\asynchttpclient\async-http-client\2.12.3\async-http-client-2.12.3.jar;C:\WINDOWS\system32\config\systemprofile\.m2\repository\org\asynchttpclient\async-http-client-netty-utils\2.12.3\async-http-client-netty-utils-2.12.3.jar;C:\WINDOWS\system32\config\systemprofile\.m2\repository\io\netty\netty-codec-socks\4.1.60.Final\netty-codec-socks-4.1.60.Final.jar;C:\WINDOWS\system32\config\systemprofile\.m2\repository\io\netty\netty-handler-proxy\4.1.60.Final\netty-handler-proxy-4.1.60.Final.jar;C:\WINDOWS\system32\config\systemprofile\.m2\repository\io\netty\netty-transport-native-epoll\4.1.60.Final\netty-transport-native-epoll-4.1.60.Final-linux-x86_64.jar;C:\WINDOWS\system32\config\systemprofile\.m2\repository\io\netty\netty-transport-native-kqueue\4.1.60.Final\netty-transport-native-kqueue-4.1.60.Final-osx-x86_64.jar;C:\WINDOWS\system32\config\systemprofile\.m2\repository\org\reactivestreams\reactive-streams\1.0.3\reactive-streams-1.0.3.jar;C:\WINDOWS\system32\config\systemprofile\.m2\repository\com\typesafe\netty\netty-reactive-streams\2.0.4\netty-reactive-streams-2.0.4.jar;C:\WINDOWS\system32\config\systemprofile\.m2\repository\com\sun\activation\jakarta.activation\1.2.2\jakarta.activation-1.2.2.jar;C:\WINDOWS\system32\config\systemprofile\.m2\repository\org\seleniumhq\selenium\selenium-manager\4.7.2\selenium-manager-4.7.2.jar;C:\WINDOWS\system32\config\systemprofile\.m2\repository\org\seleniumhq\selenium\selenium-safari-driver\4.7.2\selenium-safari-driver-4.7.2.jar;C:\WINDOWS\system32\config\systemprofile\.m2\repository\org\seleniumhq\selenium\selenium-support\4.7.2\selenium-support-4.7.2.jar;C:\WINDOWS\system32\config\systemprofile\.m2\repository\io\github\bonigarcia\webdrivermanager\5.3.1\webdrivermanager-5.3.1.jar;C:\WINDOWS\system32\config\systemprofile\.m2\repository\com\google\code\gson\gson\2.10\gson-2.10.jar;C:\WINDOWS\system32\config\systemprofile\.m2\repository\com\github\docker-java\docker-java\3.2.13\docker-java-3.2.13.jar;C:\WINDOWS\system32\config\systemprofile\.m2\repository\com\github\docker-java\docker-java-core\3.2.13\docker-java-core-3.2.13.jar;C:\WINDOWS\system32\config\systemprofile\.m2\repository\com\github\docker-java\docker-java-api\3.2.13\docker-java-api-3.2.13.jar;C:\WINDOWS\system32\config\systemprofile\.m2\repository\org\apache\commons\commons-compress\1.21\commons-compress-1.21.jar;C:\WINDOWS\system32\config\systemprofile\.m2\repository\org\bouncycastle\bcpkix-jdk15on\1.64\bcpkix-jdk15on-1.64.jar;C:\WINDOWS\system32\config\systemprofile\.m2\repository\org\bouncycastle\bcprov-jdk15on\1.64\bcprov-jdk15on-1.64.jar;C:\WINDOWS\system32\config\systemprofile\.m2\repository\org\slf4j\jcl-over-slf4j\1.7.30\jcl-over-slf4j-1.7.30.jar;C:\WINDOWS\system32\config\systemprofile\.m2\repository\com\github\docker-java\docker-java-transport-httpclient5\3.2.13\docker-java-transport-httpclient5-3.2.13.jar;C:\WINDOWS\system32\config\systemprofile\.m2\repository\com\github\docker-java\docker-java-transport\3.2.13\docker-java-transport-3.2.13.jar;C:\WINDOWS\system32\config\systemprofile\.m2\repository\net\java\dev\jna\jna\5.8.0\jna-5.8.0.jar;C:\WINDOWS\system32\config\systemprofile\.m2\repository\org\brotli\dec\0.1.2\dec-0.1.2.jar;C:\WINDOWS\system32\config\systemprofile\.m2\repository\org\apache\httpcomponents\client5\httpclient5\5.1.3\httpclient5-5.1.3.jar;C:\WINDOWS\system32\config\systemprofile\.m2\repository\org\apache\httpcomponents\core5\httpcore5\5.1.3\httpcore5-5.1.3.jar;C:\WINDOWS\system32\config\systemprofile\.m2\repository\org\apache\httpcomponents\core5\httpcore5-h2\5.1.3\httpcore5-h2-5.1.3.jar;C:\WINDOWS\system32\config\systemprofile\.m2\repository\commons-codec\commons-codec\1.15\commons-codec-1.15.jar;C:\Program Files\Java\jdk-19\lib\tools-1.5.0.jar;C:\WINDOWS\system32\config\systemprofile\.m2\repository\commons-io\commons-io\2.11.0\commons-io-2.11.0.jar;C:\WINDOWS\system32\config\systemprofile\.m2\repository\org\apache\logging\log4j\log4j-core\2.19.0\log4j-core-2.19.0.jar;C:\WINDOWS\system32\config\systemprofile\.m2\repository\org\apache\logging\log4j\log4j-api\2.19.0\log4j-api-2.19.0.jar;"/>
    <property name="sun.cpu.endian" value="little"/>
    <property name="user.home" value="C:\WINDOWS\system32\config\systemprofile"/>
    <property name="user.language" value="en"/>
    <property name="java.specification.vendor" value="Oracle Corporation"/>
    <property name="java.version.date" value="2022-10-18"/>
    <property name="java.home" value="C:\Program Files\Java\jdk-11.0.17"/>
    <property name="file.separator" value="\"/>
    <property name="basedir" value="C:\Users\newas\eclipse-workspace\CucumberFramework"/>
    <property name="java.vm.compressedOopsMode" value="32-bit"/>
    <property name="line.separator" value="&#10;"/>
    <property name="java.specification.name" value="Java Platform API Specification"/>
    <property name="java.vm.specification.vendor" value="Oracle Corporation"/>
    <property name="java.awt.graphicsenv" value="sun.awt.Win32GraphicsEnvironment"/>
    <property name="surefire.real.class.path" value="C:\Windows\Temp\surefire7250596430194046861\surefirebooter-20230119223009051_3.jar"/>
    <property name="user.script" value=""/>
    <property name="sun.management.compiler" value="HotSpot 64-Bit Tiered Compilers"/>
    <property name="java.runtime.version" value="11.0.17+10-LTS-269"/>
    <property name="user.name" value="DESKTOP-0TC20NJ$"/>
    <property name="path.separator" value=";"/>
    <property name="os.version" value="10.0"/>
    <property name="java.runtime.name" value="Java(TM) SE Runtime Environment"/>
    <property name="file.encoding" value="Cp1252"/>
    <property name="java.vm.name" value="Java HotSpot(TM) 64-Bit Server VM"/>
    <property name="java.vendor.version" value="18.9"/>
    <property name="localRepository" value="C:\WINDOWS\system32\config\systemprofile\.m2\repository"/>
    <property name="java.vendor.url.bug" value="https://bugreport.java.com/bugreport/"/>
    <property name="java.io.tmpdir" value="C:\WINDOWS\TEMP\"/>
    <property name="java.version" value="11.0.17"/>
    <property name="user.dir" value="C:\Users\newas\eclipse-workspace\CucumberFramework"/>
    <property name="os.arch" value="amd64"/>
    <property name="java.vm.specification.name" value="Java Virtual Machine Specification"/>
    <property name="java.awt.printerjob" value="sun.awt.windows.WPrinterJob"/>
    <property name="sun.os.patch.level" value=""/>
    <property name="java.library.path" value="C:\Program Files\Java\jdk-11.0.17\bin;C:\WINDOWS\Sun\Java\bin;C:\WINDOWS\system32;C:\WINDOWS;C:\apache-maven-3.8.7/bin;C:\Program Files\Java\jdk-11.0.17/bin;C:\Program Files\Java\jdk-11.0.17/bin;C:\Python311\Scripts\;C:\Python311\;C:\Program Files\Common Files\Oracle\Java\javapath;C:\WINDOWS\system32;C:\WINDOWS;C:\WINDOWS\System32\Wbem;C:\WINDOWS\System32\WindowsPowerShell\v1.0\;C:\WINDOWS\System32\OpenSSH\;C:\Program Files\NVIDIA Corporation\NVIDIA NvDLISR;C:\Program Files (x86)\NVIDIA Corporation\PhysX\Common;C:\Program Files\Git\cmd;C:\Program Files\dotnet\;C:\Users\newas\AppData\Local\Android\Sdk\tools\bin;C:\Users\newas\AppData\Local\Android\Sdk\tools;C:\Users\newas\AppData\Local\Android\Sdk\platform-tools;C:\Program Files\nodejs\node_modules\npm\bin;C:\Program Files\nodejs;C:\ProgramData\chocolatey\bin;C:\Program Files\nodejs\;C:\apache-maven-3.8.7\bin;C:\apache-maven-3.8.7\bin;C:\apache-maven-3.8.7\bin;C:\WINDOWS\system32\config\systemprofile\AppData\Local\Microsoft\WindowsApps;."/>
    <property name="java.vendor" value="Oracle Corporation"/>
    <property name="java.vm.info" value="mixed mode"/>
    <property name="java.vm.version" value="11.0.17+10-LTS-269"/>
    <property name="sun.io.unicode.encoding" value="UnicodeLittle"/>
    <property name="java.class.version" value="55.0"/>
  </properties>
  <testcase name="Add new customer" classname="Customers" time="34.973">
    <system-out><![CDATA[
@Sanity
Scenario: Add new customer                                                                # Features/Customers.feature:13
Setup method executed..
[DEBUG] Resolution chrome=109 in cache (valid until 23:17:02 19/01/2023 IST)
[DEBUG] Resolution chrome109=109.0.5414.74 in cache (valid until 22:17:02 20/01/2023 IST)
[INFO] Using chromedriver 109.0.5414.74 (resolved driver for Chrome 109)
[DEBUG] Driver chromedriver 109.0.5414.74 found in cache
[INFO] Exporting webdriver.chrome.driver as C:\WINDOWS\system32\config\systemprofile\.cache\selenium\chromedriver\win32\109.0.5414.74\chromedriver.exe
[DEBUG] Using SLF4J as the default logging framework
[DEBUG] -Dio.netty.leakDetection.level: simple
[DEBUG] -Dio.netty.leakDetection.targetRecords: 4
[DEBUG] Loaded default ResourceLeakDetector: io.netty.util.ResourceLeakDetector@65e0b505
[DEBUG] -Dio.netty.noUnsafe: false
[DEBUG] Java version: 11
[DEBUG] sun.misc.Unsafe.theUnsafe: available
[DEBUG] sun.misc.Unsafe.copyMemory: available
[DEBUG] sun.misc.Unsafe.storeFence: available
[DEBUG] java.nio.Buffer.address: available
[DEBUG] direct buffer constructor: unavailable: Reflective setAccessible(true) disabled
[DEBUG] java.nio.Bits.unaligned: available, true
[DEBUG] jdk.internal.misc.Unsafe.allocateUninitializedArray(int): unavailable: class io.netty.util.internal.PlatformDependent0$7 cannot access class jdk.internal.misc.Unsafe (in module java.base) because module java.base does not export jdk.internal.misc to unnamed module @558bdf1f
[DEBUG] java.nio.DirectByteBuffer.<init>(long, int): unavailable
[DEBUG] sun.misc.Unsafe: available
[DEBUG] maxDirectMemory: 2118123520 bytes (maybe)
[DEBUG] -Dio.netty.tmpdir: C:\WINDOWS\TEMP (java.io.tmpdir)
[DEBUG] -Dio.netty.bitMode: 64 (sun.arch.data.model)
[DEBUG] Platform: Windows
[DEBUG] -Dio.netty.maxDirectMemory: -1 bytes
[DEBUG] -Dio.netty.uninitializedArrayAllocationThreshold: -1
[DEBUG] java.nio.ByteBuffer.cleaner(): available
[DEBUG] -Dio.netty.noPreferDirect: false
[DEBUG] org.jctools-core.MpscChunkedArrayQueue: available
[DEBUG] -Dio.netty.threadLocalMap.stringBuilder.initialSize: 1024
[DEBUG] -Dio.netty.threadLocalMap.stringBuilder.maxSize: 4096
[DEBUG] Default protocols (JDK): [TLSv1.3, TLSv1.2] 
[DEBUG] Default cipher suites (JDK): [TLS_ECDHE_ECDSA_WITH_AES_256_GCM_SHA384, TLS_ECDHE_ECDSA_WITH_AES_128_GCM_SHA256, TLS_ECDHE_RSA_WITH_AES_128_GCM_SHA256, TLS_ECDHE_RSA_WITH_AES_256_GCM_SHA384, TLS_ECDHE_RSA_WITH_AES_128_CBC_SHA, TLS_ECDHE_RSA_WITH_AES_256_CBC_SHA, TLS_RSA_WITH_AES_128_GCM_SHA256, TLS_RSA_WITH_AES_128_CBC_SHA, TLS_RSA_WITH_AES_256_CBC_SHA, TLS_AES_128_GCM_SHA256, TLS_AES_256_GCM_SHA384]
[DEBUG] -Dio.netty.eventLoopThreads: 8
[DEBUG] -Dio.netty.noKeySetOptimization: false
[DEBUG] -Dio.netty.selectorAutoRebuildThreshold: 512
[DEBUG] -Dio.netty.allocator.numHeapArenas: 8
[DEBUG] -Dio.netty.allocator.numDirectArenas: 8
[DEBUG] -Dio.netty.allocator.pageSize: 8192
[DEBUG] -Dio.netty.allocator.maxOrder: 9
[DEBUG] -Dio.netty.allocator.chunkSize: 4194304
[DEBUG] -Dio.netty.allocator.smallCacheSize: 256
[DEBUG] -Dio.netty.allocator.normalCacheSize: 64
[DEBUG] -Dio.netty.allocator.maxCachedBufferCapacity: 32768
[DEBUG] -Dio.netty.allocator.cacheTrimInterval: 8192
[DEBUG] -Dio.netty.allocator.cacheTrimIntervalMillis: 0
[DEBUG] -Dio.netty.allocator.useCacheForAllThreads: false
[DEBUG] -Dio.netty.allocator.maxCachedByteBuffersPerChunk: 1023
[DEBUG] -Dio.netty.allocator.type: pooled
[DEBUG] -Dio.netty.threadLocalDirectBufferSize: 0
[DEBUG] -Dio.netty.maxThreadLocalCharBufferSize: 16384
[DEBUG] -Dio.netty.processId: 8036 (auto-detected)
[DEBUG] -Djava.net.preferIPv4Stack: false
[DEBUG] -Djava.net.preferIPv6Addresses: false
[DEBUG] Loopback interface: lo (Software Loopback Interface 1, 127.0.0.1)
[DEBUG] Failed to get SOMAXCONN from sysctl and file \proc\sys\net\core\somaxconn. Default: 200
[DEBUG] -Dio.netty.machineId: 30:e3:7a:ff:fe:9e:41:e3 (auto-detected)
[DEBUG] -Dio.netty.buffer.checkAccessible: true
[DEBUG] -Dio.netty.buffer.checkBounds: true
[DEBUG] Loaded default ResourceLeakDetector: io.netty.util.ResourceLeakDetector@4d90a17b
[DEBUG] Using new Channel '[id: 0xd613bc99, L:/127.0.0.1:56995 - R:localhost/127.0.0.1:41851]' for 'POST' to '/session'
[DEBUG] -Dio.netty.recycler.maxCapacityPerThread: 4096
[DEBUG] -Dio.netty.recycler.ratio: 8
[DEBUG] -Dio.netty.recycler.chunkSize: 32
[DEBUG] -Dio.netty.recycler.blocking: false
[DEBUG] brotli4j not in the classpath; Brotli support will be unavailable.
[DEBUG] 

Request DefaultHttpRequest(decodeResult: success, version: HTTP/1.1)
POST /session HTTP/1.1
User-Agent: selenium/4.7.2 (java windows)
Content-Length: 365
Content-Type: application/json; charset=utf-8
host: localhost:41851
accept: */*

Response DefaultHttpResponse(decodeResult: success, version: HTTP/1.1)
HTTP/1.1 200 OK
Content-Type: application/json; charset=utf-8
cache-control: no-cache
content-length: 775

[DEBUG] Adding key: http://localhost:41851 for channel [id: 0xd613bc99, L:/127.0.0.1:56995 - R:localhost/127.0.0.1:41851]
[DEBUG] Using new Channel '[id: 0x538d271b, L:/127.0.0.1:57015 - R:localhost/127.0.0.1:57000]' for 'GET' to '/json/version'
[DEBUG] 

Request DefaultFullHttpRequest(decodeResult: success, version: HTTP/1.1, content: EmptyByteBufBE)
GET /json/version HTTP/1.1
User-Agent: selenium/4.7.2 (java windows)
host: localhost:57000
accept: */*

Response DefaultHttpResponse(decodeResult: success, version: HTTP/1.1)
HTTP/1.1 200 OK
Content-Type: application/json; charset=UTF-8
content-length: 422

[DEBUG] Adding key: http://localhost:57000 for channel [id: 0x538d271b, L:/127.0.0.1:57015 - R:localhost/127.0.0.1:57000]
[DEBUG] -Dio.netty.initialSeedUniquifier: 0x200deaab1cb53987
[DEBUG] Using new Channel '[id: 0xeecaca98, L:/127.0.0.1:57016 - R:localhost/127.0.0.1:57000]' for 'GET' to '/devtools/browser/fb03fcf5-33c7-4a3c-88fc-680b5820a894'
[DEBUG] 

Request DefaultFullHttpRequest(decodeResult: success, version: HTTP/1.1, content: EmptyByteBufBE)
GET /devtools/browser/fb03fcf5-33c7-4a3c-88fc-680b5820a894 HTTP/1.1
upgrade: websocket
connection: upgrade
sec-websocket-key: TV18zhIx2OT/F/TSQXqEBw==
sec-websocket-version: 13
origin: http://localhost:57000
host: localhost:57000
accept: */*
user-agent: AHC/2.1

Response DefaultHttpResponse(decodeResult: success, version: HTTP/1.1)
HTTP/1.1 101 WebSocket Protocol Handshake
Upgrade: WebSocket
Connection: Upgrade
Sec-WebSocket-Accept: mVgX6Cem6fGzZQb8gpGszO+oirk=

This is before step..
[DEBUG] Using pooled Channel '[id: 0xd613bc99, L:/127.0.0.1:56995 - R:localhost/127.0.0.1:41851]' for 'POST' to 'http://localhost:41851/session/4442906fcd8557937ed8b40b6891486a/window/maximize'
[DEBUG] Using open Channel [id: 0xd613bc99, L:/127.0.0.1:56995 - R:localhost/127.0.0.1:41851] for POST '/session/4442906fcd8557937ed8b40b6891486a/window/maximize'
[DEBUG] 

Request DefaultHttpRequest(decodeResult: success, version: HTTP/1.1)
POST /session/4442906fcd8557937ed8b40b6891486a/window/maximize HTTP/1.1
User-Agent: selenium/4.7.2 (java windows)
Content-Length: 3
Content-Type: application/json; charset=utf-8
host: localhost:41851
accept: */*

Response DefaultHttpResponse(decodeResult: success, version: HTTP/1.1)
HTTP/1.1 200 OK
Content-Type: application/json; charset=utf-8
cache-control: no-cache
content-length: 51

[DEBUG] Adding key: http://localhost:41851 for channel [id: 0xd613bc99, L:/127.0.0.1:56995 - R:localhost/127.0.0.1:41851]
  Given User Launch Chrome browser                                                        # StepDefination.StepDef.user_launch_chrome_browser()
This is after step..
This is before step..
[DEBUG] Using pooled Channel '[id: 0xd613bc99, L:/127.0.0.1:56995 - R:localhost/127.0.0.1:41851]' for 'POST' to 'http://localhost:41851/session/4442906fcd8557937ed8b40b6891486a/url'
[DEBUG] Using open Channel [id: 0xd613bc99, L:/127.0.0.1:56995 - R:localhost/127.0.0.1:41851] for POST '/session/4442906fcd8557937ed8b40b6891486a/url'
[DEBUG] Entry count for : http://localhost:57000 : 1
[DEBUG] 

Request DefaultHttpRequest(decodeResult: success, version: HTTP/1.1)
POST /session/4442906fcd8557937ed8b40b6891486a/url HTTP/1.1
User-Agent: selenium/4.7.2 (java windows)
Content-Length: 70
Content-Type: application/json; charset=utf-8
host: localhost:41851
accept: */*

Response DefaultHttpResponse(decodeResult: success, version: HTTP/1.1)
HTTP/1.1 200 OK
Content-Type: application/json; charset=utf-8
cache-control: no-cache
content-length: 14

[DEBUG] Adding key: http://localhost:41851 for channel [id: 0xd613bc99, L:/127.0.0.1:56995 - R:localhost/127.0.0.1:41851]
  When User opens URL "https://admin-demo.nopcommerce.com/login"                          # StepDefination.StepDef.user_opens_url(java.lang.String)
This is after step..
This is before step..
[DEBUG] Using pooled Channel '[id: 0xd613bc99, L:/127.0.0.1:56995 - R:localhost/127.0.0.1:41851]' for 'POST' to 'http://localhost:41851/session/4442906fcd8557937ed8b40b6891486a/element'
[DEBUG] Using open Channel [id: 0xd613bc99, L:/127.0.0.1:56995 - R:localhost/127.0.0.1:41851] for POST '/session/4442906fcd8557937ed8b40b6891486a/element'
[DEBUG] 

Request DefaultHttpRequest(decodeResult: success, version: HTTP/1.1)
POST /session/4442906fcd8557937ed8b40b6891486a/element HTTP/1.1
User-Agent: selenium/4.7.2 (java windows)
Content-Length: 50
Content-Type: application/json; charset=utf-8
host: localhost:41851
accept: */*

Response DefaultHttpResponse(decodeResult: success, version: HTTP/1.1)
HTTP/1.1 200 OK
Content-Type: application/json; charset=utf-8
cache-control: no-cache
content-length: 88

[DEBUG] Adding key: http://localhost:41851 for channel [id: 0xd613bc99, L:/127.0.0.1:56995 - R:localhost/127.0.0.1:41851]
[DEBUG] Using pooled Channel '[id: 0xd613bc99, L:/127.0.0.1:56995 - R:localhost/127.0.0.1:41851]' for 'POST' to 'http://localhost:41851/session/4442906fcd8557937ed8b40b6891486a/element/96729b06-c752-4940-a890-ada778facb0e/clear'
[DEBUG] Using open Channel [id: 0xd613bc99, L:/127.0.0.1:56995 - R:localhost/127.0.0.1:41851] for POST '/session/4442906fcd8557937ed8b40b6891486a/element/96729b06-c752-4940-a890-ada778facb0e/clear'
[DEBUG] 

Request DefaultHttpRequest(decodeResult: success, version: HTTP/1.1)
POST /session/4442906fcd8557937ed8b40b6891486a/element/96729b06-c752-4940-a890-ada778facb0e/clear HTTP/1.1
User-Agent: selenium/4.7.2 (java windows)
Content-Length: 50
Content-Type: application/json; charset=utf-8
host: localhost:41851
accept: */*

Response DefaultHttpResponse(decodeResult: success, version: HTTP/1.1)
HTTP/1.1 200 OK
Content-Type: application/json; charset=utf-8
cache-control: no-cache
content-length: 14

[DEBUG] Adding key: http://localhost:41851 for channel [id: 0xd613bc99, L:/127.0.0.1:56995 - R:localhost/127.0.0.1:41851]
[DEBUG] Using pooled Channel '[id: 0xd613bc99, L:/127.0.0.1:56995 - R:localhost/127.0.0.1:41851]' for 'POST' to 'http://localhost:41851/session/4442906fcd8557937ed8b40b6891486a/element'
[DEBUG] Using open Channel [id: 0xd613bc99, L:/127.0.0.1:56995 - R:localhost/127.0.0.1:41851] for POST '/session/4442906fcd8557937ed8b40b6891486a/element'
[DEBUG] Entry count for : http://localhost:57000 : 1
[DEBUG] 

Request DefaultHttpRequest(decodeResult: success, version: HTTP/1.1)
POST /session/4442906fcd8557937ed8b40b6891486a/element HTTP/1.1
User-Agent: selenium/4.7.2 (java windows)
Content-Length: 50
Content-Type: application/json; charset=utf-8
host: localhost:41851
accept: */*

Response DefaultHttpResponse(decodeResult: success, version: HTTP/1.1)
HTTP/1.1 200 OK
Content-Type: application/json; charset=utf-8
cache-control: no-cache
content-length: 88

[DEBUG] Adding key: http://localhost:41851 for channel [id: 0xd613bc99, L:/127.0.0.1:56995 - R:localhost/127.0.0.1:41851]
[DEBUG] Using pooled Channel '[id: 0xd613bc99, L:/127.0.0.1:56995 - R:localhost/127.0.0.1:41851]' for 'POST' to 'http://localhost:41851/session/4442906fcd8557937ed8b40b6891486a/element/96729b06-c752-4940-a890-ada778facb0e/value'
[DEBUG] Using open Channel [id: 0xd613bc99, L:/127.0.0.1:56995 - R:localhost/127.0.0.1:41851] for POST '/session/4442906fcd8557937ed8b40b6891486a/element/96729b06-c752-4940-a890-ada778facb0e/value'
[DEBUG] 

Request DefaultHttpRequest(decodeResult: success, version: HTTP/1.1)
POST /session/4442906fcd8557937ed8b40b6891486a/element/96729b06-c752-4940-a890-ada778facb0e/value HTTP/1.1
User-Agent: selenium/4.7.2 (java windows)
Content-Length: 271
Content-Type: application/json; charset=utf-8
host: localhost:41851
accept: */*

Response DefaultHttpResponse(decodeResult: success, version: HTTP/1.1)
HTTP/1.1 200 OK
Content-Type: application/json; charset=utf-8
cache-control: no-cache
content-length: 14

[DEBUG] Adding key: http://localhost:41851 for channel [id: 0xd613bc99, L:/127.0.0.1:56995 - R:localhost/127.0.0.1:41851]
[DEBUG] Using pooled Channel '[id: 0xd613bc99, L:/127.0.0.1:56995 - R:localhost/127.0.0.1:41851]' for 'POST' to 'http://localhost:41851/session/4442906fcd8557937ed8b40b6891486a/element'
[DEBUG] Using open Channel [id: 0xd613bc99, L:/127.0.0.1:56995 - R:localhost/127.0.0.1:41851] for POST '/session/4442906fcd8557937ed8b40b6891486a/element'
[DEBUG] 

Request DefaultHttpRequest(decodeResult: success, version: HTTP/1.1)
POST /session/4442906fcd8557937ed8b40b6891486a/element HTTP/1.1
User-Agent: selenium/4.7.2 (java windows)
Content-Length: 53
Content-Type: application/json; charset=utf-8
host: localhost:41851
accept: */*

Response DefaultHttpResponse(decodeResult: success, version: HTTP/1.1)
HTTP/1.1 200 OK
Content-Type: application/json; charset=utf-8
cache-control: no-cache
content-length: 88

[DEBUG] Adding key: http://localhost:41851 for channel [id: 0xd613bc99, L:/127.0.0.1:56995 - R:localhost/127.0.0.1:41851]
[DEBUG] Using pooled Channel '[id: 0xd613bc99, L:/127.0.0.1:56995 - R:localhost/127.0.0.1:41851]' for 'POST' to 'http://localhost:41851/session/4442906fcd8557937ed8b40b6891486a/element/5596939c-55c3-4010-ba5f-2fae11e12570/clear'
[DEBUG] Using open Channel [id: 0xd613bc99, L:/127.0.0.1:56995 - R:localhost/127.0.0.1:41851] for POST '/session/4442906fcd8557937ed8b40b6891486a/element/5596939c-55c3-4010-ba5f-2fae11e12570/clear'
[DEBUG] 

Request DefaultHttpRequest(decodeResult: success, version: HTTP/1.1)
POST /session/4442906fcd8557937ed8b40b6891486a/element/5596939c-55c3-4010-ba5f-2fae11e12570/clear HTTP/1.1
User-Agent: selenium/4.7.2 (java windows)
Content-Length: 50
Content-Type: application/json; charset=utf-8
host: localhost:41851
accept: */*

Response DefaultHttpResponse(decodeResult: success, version: HTTP/1.1)
HTTP/1.1 200 OK
Content-Type: application/json; charset=utf-8
cache-control: no-cache
content-length: 14

[DEBUG] Adding key: http://localhost:41851 for channel [id: 0xd613bc99, L:/127.0.0.1:56995 - R:localhost/127.0.0.1:41851]
[DEBUG] Using pooled Channel '[id: 0xd613bc99, L:/127.0.0.1:56995 - R:localhost/127.0.0.1:41851]' for 'POST' to 'http://localhost:41851/session/4442906fcd8557937ed8b40b6891486a/element'
[DEBUG] Using open Channel [id: 0xd613bc99, L:/127.0.0.1:56995 - R:localhost/127.0.0.1:41851] for POST '/session/4442906fcd8557937ed8b40b6891486a/element'
[DEBUG] 

Request DefaultHttpRequest(decodeResult: success, version: HTTP/1.1)
POST /session/4442906fcd8557937ed8b40b6891486a/element HTTP/1.1
User-Agent: selenium/4.7.2 (java windows)
Content-Length: 53
Content-Type: application/json; charset=utf-8
host: localhost:41851
accept: */*

Response DefaultHttpResponse(decodeResult: success, version: HTTP/1.1)
HTTP/1.1 200 OK
Content-Type: application/json; charset=utf-8
cache-control: no-cache
content-length: 88

[DEBUG] Adding key: http://localhost:41851 for channel [id: 0xd613bc99, L:/127.0.0.1:56995 - R:localhost/127.0.0.1:41851]
[DEBUG] Using pooled Channel '[id: 0xd613bc99, L:/127.0.0.1:56995 - R:localhost/127.0.0.1:41851]' for 'POST' to 'http://localhost:41851/session/4442906fcd8557937ed8b40b6891486a/element/5596939c-55c3-4010-ba5f-2fae11e12570/value'
[DEBUG] Using open Channel [id: 0xd613bc99, L:/127.0.0.1:56995 - R:localhost/127.0.0.1:41851] for POST '/session/4442906fcd8557937ed8b40b6891486a/element/5596939c-55c3-4010-ba5f-2fae11e12570/value'
[DEBUG] 

Request DefaultHttpRequest(decodeResult: success, version: HTTP/1.1)
POST /session/4442906fcd8557937ed8b40b6891486a/element/5596939c-55c3-4010-ba5f-2fae11e12570/value HTTP/1.1
User-Agent: selenium/4.7.2 (java windows)
Content-Length: 131
Content-Type: application/json; charset=utf-8
host: localhost:41851
accept: */*

Response DefaultHttpResponse(decodeResult: success, version: HTTP/1.1)
HTTP/1.1 200 OK
Content-Type: application/json; charset=utf-8
cache-control: no-cache
content-length: 14

[DEBUG] Adding key: http://localhost:41851 for channel [id: 0xd613bc99, L:/127.0.0.1:56995 - R:localhost/127.0.0.1:41851]
  And User enters Email as "admin@yourstore.com" and Password as "admin"                  # StepDefination.StepDef.user_enters_email_as_and_password_as(java.lang.String,java.lang.String)
This is after step..
This is before step..
[DEBUG] Using pooled Channel '[id: 0xd613bc99, L:/127.0.0.1:56995 - R:localhost/127.0.0.1:41851]' for 'POST' to 'http://localhost:41851/session/4442906fcd8557937ed8b40b6891486a/element'
[DEBUG] Using open Channel [id: 0xd613bc99, L:/127.0.0.1:56995 - R:localhost/127.0.0.1:41851] for POST '/session/4442906fcd8557937ed8b40b6891486a/element'
[DEBUG] 

Request DefaultHttpRequest(decodeResult: success, version: HTTP/1.1)
POST /session/4442906fcd8557937ed8b40b6891486a/element HTTP/1.1
User-Agent: selenium/4.7.2 (java windows)
Content-Length: 87
Content-Type: application/json; charset=utf-8
host: localhost:41851
accept: */*

Response DefaultHttpResponse(decodeResult: success, version: HTTP/1.1)
HTTP/1.1 200 OK
Content-Type: application/json; charset=utf-8
cache-control: no-cache
content-length: 88

[DEBUG] Adding key: http://localhost:41851 for channel [id: 0xd613bc99, L:/127.0.0.1:56995 - R:localhost/127.0.0.1:41851]
[DEBUG] Using pooled Channel '[id: 0xd613bc99, L:/127.0.0.1:56995 - R:localhost/127.0.0.1:41851]' for 'POST' to 'http://localhost:41851/session/4442906fcd8557937ed8b40b6891486a/element/9575d3e9-f98b-4ec6-8dd5-925963c685ba/click'
[DEBUG] Using open Channel [id: 0xd613bc99, L:/127.0.0.1:56995 - R:localhost/127.0.0.1:41851] for POST '/session/4442906fcd8557937ed8b40b6891486a/element/9575d3e9-f98b-4ec6-8dd5-925963c685ba/click'
[DEBUG] Entry count for : http://localhost:57000 : 1
[DEBUG] Entry count for : http://localhost:57000 : 1
[DEBUG] Entry count for : http://localhost:57000 : 1
[DEBUG] Entry count for : http://localhost:57000 : 1
[DEBUG] 

Request DefaultHttpRequest(decodeResult: success, version: HTTP/1.1)
POST /session/4442906fcd8557937ed8b40b6891486a/element/9575d3e9-f98b-4ec6-8dd5-925963c685ba/click HTTP/1.1
User-Agent: selenium/4.7.2 (java windows)
Content-Length: 50
Content-Type: application/json; charset=utf-8
host: localhost:41851
accept: */*

Response DefaultHttpResponse(decodeResult: success, version: HTTP/1.1)
HTTP/1.1 200 OK
Content-Type: application/json; charset=utf-8
cache-control: no-cache
content-length: 14

[DEBUG] Adding key: http://localhost:41851 for channel [id: 0xd613bc99, L:/127.0.0.1:56995 - R:localhost/127.0.0.1:41851]
  And Click on Login                                                                      # StepDefination.StepDef.click_on_login()
This is after step..
This is before step..
[DEBUG] Using pooled Channel '[id: 0xd613bc99, L:/127.0.0.1:56995 - R:localhost/127.0.0.1:41851]' for 'GET' to 'http://localhost:41851/session/4442906fcd8557937ed8b40b6891486a/title'
[DEBUG] Using open Channel [id: 0xd613bc99, L:/127.0.0.1:56995 - R:localhost/127.0.0.1:41851] for GET '/session/4442906fcd8557937ed8b40b6891486a/title'
[DEBUG] 

Request DefaultFullHttpRequest(decodeResult: success, version: HTTP/1.1, content: EmptyByteBufBE)
GET /session/4442906fcd8557937ed8b40b6891486a/title HTTP/1.1
User-Agent: selenium/4.7.2 (java windows)
Cache-Control: no-cache
Content-Type: application/json; charset=utf-8
host: localhost:41851
accept: */*

Response DefaultHttpResponse(decodeResult: success, version: HTTP/1.1)
HTTP/1.1 200 OK
Content-Type: application/json; charset=utf-8
cache-control: no-cache
content-length: 50

[DEBUG] Adding key: http://localhost:41851 for channel [id: 0xd613bc99, L:/127.0.0.1:56995 - R:localhost/127.0.0.1:41851]
  Then User can view Dashboard                                                            # StepDefination.StepDef.user_can_view_dashboard()
This is after step..
This is before step..
[DEBUG] Using pooled Channel '[id: 0xd613bc99, L:/127.0.0.1:56995 - R:localhost/127.0.0.1:41851]' for 'POST' to 'http://localhost:41851/session/4442906fcd8557937ed8b40b6891486a/element'
[DEBUG] Using open Channel [id: 0xd613bc99, L:/127.0.0.1:56995 - R:localhost/127.0.0.1:41851] for POST '/session/4442906fcd8557937ed8b40b6891486a/element'
[DEBUG] 

Request DefaultHttpRequest(decodeResult: success, version: HTTP/1.1)
POST /session/4442906fcd8557937ed8b40b6891486a/element HTTP/1.1
User-Agent: selenium/4.7.2 (java windows)
Content-Length: 75
Content-Type: application/json; charset=utf-8
host: localhost:41851
accept: */*

Response DefaultHttpResponse(decodeResult: success, version: HTTP/1.1)
HTTP/1.1 200 OK
Content-Type: application/json; charset=utf-8
cache-control: no-cache
content-length: 88

[DEBUG] Adding key: http://localhost:41851 for channel [id: 0xd613bc99, L:/127.0.0.1:56995 - R:localhost/127.0.0.1:41851]
[DEBUG] Using pooled Channel '[id: 0xd613bc99, L:/127.0.0.1:56995 - R:localhost/127.0.0.1:41851]' for 'POST' to 'http://localhost:41851/session/4442906fcd8557937ed8b40b6891486a/element/3c793092-c028-4440-ad8c-52255ecfb8e4/click'
[DEBUG] Using open Channel [id: 0xd613bc99, L:/127.0.0.1:56995 - R:localhost/127.0.0.1:41851] for POST '/session/4442906fcd8557937ed8b40b6891486a/element/3c793092-c028-4440-ad8c-52255ecfb8e4/click'
[DEBUG] 

Request DefaultHttpRequest(decodeResult: success, version: HTTP/1.1)
POST /session/4442906fcd8557937ed8b40b6891486a/element/3c793092-c028-4440-ad8c-52255ecfb8e4/click HTTP/1.1
User-Agent: selenium/4.7.2 (java windows)
Content-Length: 50
Content-Type: application/json; charset=utf-8
host: localhost:41851
accept: */*

Response DefaultHttpResponse(decodeResult: success, version: HTTP/1.1)
HTTP/1.1 200 OK
Content-Type: application/json; charset=utf-8
cache-control: no-cache
content-length: 14

[DEBUG] Adding key: http://localhost:41851 for channel [id: 0xd613bc99, L:/127.0.0.1:56995 - R:localhost/127.0.0.1:41851]
  When User click on customer menu                                                        # StepDefination.StepDef.user_click_on_customer_menu()
This is after step..
This is before step..
[DEBUG] Using pooled Channel '[id: 0xd613bc99, L:/127.0.0.1:56995 - R:localhost/127.0.0.1:41851]' for 'POST' to 'http://localhost:41851/session/4442906fcd8557937ed8b40b6891486a/element'
[DEBUG] Using open Channel [id: 0xd613bc99, L:/127.0.0.1:56995 - R:localhost/127.0.0.1:41851] for POST '/session/4442906fcd8557937ed8b40b6891486a/element'
[DEBUG] 

Request DefaultHttpRequest(decodeResult: success, version: HTTP/1.1)
POST /session/4442906fcd8557937ed8b40b6891486a/element HTTP/1.1
User-Agent: selenium/4.7.2 (java windows)
Content-Length: 138
Content-Type: application/json; charset=utf-8
host: localhost:41851
accept: */*

Response DefaultHttpResponse(decodeResult: success, version: HTTP/1.1)
HTTP/1.1 200 OK
Content-Type: application/json; charset=utf-8
cache-control: no-cache
content-length: 88

[DEBUG] Adding key: http://localhost:41851 for channel [id: 0xd613bc99, L:/127.0.0.1:56995 - R:localhost/127.0.0.1:41851]
[DEBUG] Using pooled Channel '[id: 0xd613bc99, L:/127.0.0.1:56995 - R:localhost/127.0.0.1:41851]' for 'POST' to 'http://localhost:41851/session/4442906fcd8557937ed8b40b6891486a/element/3f8e7ef5-74cb-4cb0-87ab-568b62320b55/click'
[DEBUG] Using open Channel [id: 0xd613bc99, L:/127.0.0.1:56995 - R:localhost/127.0.0.1:41851] for POST '/session/4442906fcd8557937ed8b40b6891486a/element/3f8e7ef5-74cb-4cb0-87ab-568b62320b55/click'
[DEBUG] Entry count for : http://localhost:57000 : 1
[DEBUG] 

Request DefaultHttpRequest(decodeResult: success, version: HTTP/1.1)
POST /session/4442906fcd8557937ed8b40b6891486a/element/3f8e7ef5-74cb-4cb0-87ab-568b62320b55/click HTTP/1.1
User-Agent: selenium/4.7.2 (java windows)
Content-Length: 50
Content-Type: application/json; charset=utf-8
host: localhost:41851
accept: */*

Response DefaultHttpResponse(decodeResult: success, version: HTTP/1.1)
HTTP/1.1 200 OK
Content-Type: application/json; charset=utf-8
cache-control: no-cache
content-length: 14

[DEBUG] Adding key: http://localhost:41851 for channel [id: 0xd613bc99, L:/127.0.0.1:56995 - R:localhost/127.0.0.1:41851]
  And Click on customers menu item                                                        # StepDefination.StepDef.click_on_customers_menu_item()
This is after step..
This is before step..
[DEBUG] Using pooled Channel '[id: 0xd613bc99, L:/127.0.0.1:56995 - R:localhost/127.0.0.1:41851]' for 'POST' to 'http://localhost:41851/session/4442906fcd8557937ed8b40b6891486a/element'
[DEBUG] Using open Channel [id: 0xd613bc99, L:/127.0.0.1:56995 - R:localhost/127.0.0.1:41851] for POST '/session/4442906fcd8557937ed8b40b6891486a/element'
[DEBUG] 

Request DefaultHttpRequest(decodeResult: success, version: HTTP/1.1)
POST /session/4442906fcd8557937ed8b40b6891486a/element HTTP/1.1
User-Agent: selenium/4.7.2 (java windows)
Content-Length: 48
Content-Type: application/json; charset=utf-8
host: localhost:41851
accept: */*

Response DefaultHttpResponse(decodeResult: success, version: HTTP/1.1)
HTTP/1.1 200 OK
Content-Type: application/json; charset=utf-8
cache-control: no-cache
content-length: 88

[DEBUG] Adding key: http://localhost:41851 for channel [id: 0xd613bc99, L:/127.0.0.1:56995 - R:localhost/127.0.0.1:41851]
[DEBUG] Using pooled Channel '[id: 0xd613bc99, L:/127.0.0.1:56995 - R:localhost/127.0.0.1:41851]' for 'POST' to 'http://localhost:41851/session/4442906fcd8557937ed8b40b6891486a/element/576e3e6d-97a5-4865-87da-2bfa80648832/click'
[DEBUG] Using open Channel [id: 0xd613bc99, L:/127.0.0.1:56995 - R:localhost/127.0.0.1:41851] for POST '/session/4442906fcd8557937ed8b40b6891486a/element/576e3e6d-97a5-4865-87da-2bfa80648832/click'
[DEBUG] Entry count for : http://localhost:57000 : 1
[DEBUG] Entry count for : http://localhost:57000 : 1
[DEBUG] 

Request DefaultHttpRequest(decodeResult: success, version: HTTP/1.1)
POST /session/4442906fcd8557937ed8b40b6891486a/element/576e3e6d-97a5-4865-87da-2bfa80648832/click HTTP/1.1
User-Agent: selenium/4.7.2 (java windows)
Content-Length: 50
Content-Type: application/json; charset=utf-8
host: localhost:41851
accept: */*

Response DefaultHttpResponse(decodeResult: success, version: HTTP/1.1)
HTTP/1.1 200 OK
Content-Type: application/json; charset=utf-8
cache-control: no-cache
content-length: 14

[DEBUG] Adding key: http://localhost:41851 for channel [id: 0xd613bc99, L:/127.0.0.1:56995 - R:localhost/127.0.0.1:41851]
  And Click on add new button                                                             # StepDefination.StepDef.click_on_add_new_button()
This is after step..
This is before step..
[DEBUG] Using pooled Channel '[id: 0xd613bc99, L:/127.0.0.1:56995 - R:localhost/127.0.0.1:41851]' for 'GET' to 'http://localhost:41851/session/4442906fcd8557937ed8b40b6891486a/title'
[DEBUG] Using open Channel [id: 0xd613bc99, L:/127.0.0.1:56995 - R:localhost/127.0.0.1:41851] for GET '/session/4442906fcd8557937ed8b40b6891486a/title'
[DEBUG] 

Request DefaultFullHttpRequest(decodeResult: success, version: HTTP/1.1, content: EmptyByteBufBE)
GET /session/4442906fcd8557937ed8b40b6891486a/title HTTP/1.1
User-Agent: selenium/4.7.2 (java windows)
Cache-Control: no-cache
Content-Type: application/json; charset=utf-8
host: localhost:41851
accept: */*

Response DefaultHttpResponse(decodeResult: success, version: HTTP/1.1)
HTTP/1.1 200 OK
Content-Type: application/json; charset=utf-8
cache-control: no-cache
content-length: 59

[DEBUG] Adding key: http://localhost:41851 for channel [id: 0xd613bc99, L:/127.0.0.1:56995 - R:localhost/127.0.0.1:41851]
  Then User can view add new customer page                                                # StepDefination.StepDef.user_can_view_add_new_customer_page()
This is after step..
This is before step..
[DEBUG] Using pooled Channel '[id: 0xd613bc99, L:/127.0.0.1:56995 - R:localhost/127.0.0.1:41851]' for 'POST' to 'http://localhost:41851/session/4442906fcd8557937ed8b40b6891486a/element'
[DEBUG] Using open Channel [id: 0xd613bc99, L:/127.0.0.1:56995 - R:localhost/127.0.0.1:41851] for POST '/session/4442906fcd8557937ed8b40b6891486a/element'
[DEBUG] 

Request DefaultHttpRequest(decodeResult: success, version: HTTP/1.1)
POST /session/4442906fcd8557937ed8b40b6891486a/element HTTP/1.1
User-Agent: selenium/4.7.2 (java windows)
Content-Length: 50
Content-Type: application/json; charset=utf-8
host: localhost:41851
accept: */*

Response DefaultHttpResponse(decodeResult: success, version: HTTP/1.1)
HTTP/1.1 200 OK
Content-Type: application/json; charset=utf-8
cache-control: no-cache
content-length: 88

[DEBUG] Adding key: http://localhost:41851 for channel [id: 0xd613bc99, L:/127.0.0.1:56995 - R:localhost/127.0.0.1:41851]
[DEBUG] Using pooled Channel '[id: 0xd613bc99, L:/127.0.0.1:56995 - R:localhost/127.0.0.1:41851]' for 'POST' to 'http://localhost:41851/session/4442906fcd8557937ed8b40b6891486a/element/1ab79715-0105-43e1-9e40-1da78399f276/value'
[DEBUG] Using open Channel [id: 0xd613bc99, L:/127.0.0.1:56995 - R:localhost/127.0.0.1:41851] for POST '/session/4442906fcd8557937ed8b40b6891486a/element/1ab79715-0105-43e1-9e40-1da78399f276/value'
[DEBUG] 

Request DefaultHttpRequest(decodeResult: success, version: HTTP/1.1)
POST /session/4442906fcd8557937ed8b40b6891486a/element/1ab79715-0105-43e1-9e40-1da78399f276/value HTTP/1.1
User-Agent: selenium/4.7.2 (java windows)
Content-Length: 231
Content-Type: application/json; charset=utf-8
host: localhost:41851
accept: */*

Response DefaultHttpResponse(decodeResult: success, version: HTTP/1.1)
HTTP/1.1 200 OK
Content-Type: application/json; charset=utf-8
cache-control: no-cache
content-length: 14

[DEBUG] Adding key: http://localhost:41851 for channel [id: 0xd613bc99, L:/127.0.0.1:56995 - R:localhost/127.0.0.1:41851]
[DEBUG] Using pooled Channel '[id: 0xd613bc99, L:/127.0.0.1:56995 - R:localhost/127.0.0.1:41851]' for 'POST' to 'http://localhost:41851/session/4442906fcd8557937ed8b40b6891486a/element'
[DEBUG] Using open Channel [id: 0xd613bc99, L:/127.0.0.1:56995 - R:localhost/127.0.0.1:41851] for POST '/session/4442906fcd8557937ed8b40b6891486a/element'
[DEBUG] 

Request DefaultHttpRequest(decodeResult: success, version: HTTP/1.1)
POST /session/4442906fcd8557937ed8b40b6891486a/element HTTP/1.1
User-Agent: selenium/4.7.2 (java windows)
Content-Length: 53
Content-Type: application/json; charset=utf-8
host: localhost:41851
accept: */*

Response DefaultHttpResponse(decodeResult: success, version: HTTP/1.1)
HTTP/1.1 200 OK
Content-Type: application/json; charset=utf-8
cache-control: no-cache
content-length: 88

[DEBUG] Adding key: http://localhost:41851 for channel [id: 0xd613bc99, L:/127.0.0.1:56995 - R:localhost/127.0.0.1:41851]
[DEBUG] Using pooled Channel '[id: 0xd613bc99, L:/127.0.0.1:56995 - R:localhost/127.0.0.1:41851]' for 'POST' to 'http://localhost:41851/session/4442906fcd8557937ed8b40b6891486a/element/d0f1b6fa-9bd8-4c67-8808-7f2678dfb359/value'
[DEBUG] Using open Channel [id: 0xd613bc99, L:/127.0.0.1:56995 - R:localhost/127.0.0.1:41851] for POST '/session/4442906fcd8557937ed8b40b6891486a/element/d0f1b6fa-9bd8-4c67-8808-7f2678dfb359/value'
[DEBUG] 

Request DefaultHttpRequest(decodeResult: success, version: HTTP/1.1)
POST /session/4442906fcd8557937ed8b40b6891486a/element/d0f1b6fa-9bd8-4c67-8808-7f2678dfb359/value HTTP/1.1
User-Agent: selenium/4.7.2 (java windows)
Content-Length: 151
Content-Type: application/json; charset=utf-8
host: localhost:41851
accept: */*

Response DefaultHttpResponse(decodeResult: success, version: HTTP/1.1)
HTTP/1.1 200 OK
Content-Type: application/json; charset=utf-8
cache-control: no-cache
content-length: 14

[DEBUG] Adding key: http://localhost:41851 for channel [id: 0xd613bc99, L:/127.0.0.1:56995 - R:localhost/127.0.0.1:41851]
[DEBUG] Using pooled Channel '[id: 0xd613bc99, L:/127.0.0.1:56995 - R:localhost/127.0.0.1:41851]' for 'POST' to 'http://localhost:41851/session/4442906fcd8557937ed8b40b6891486a/element'
[DEBUG] Using open Channel [id: 0xd613bc99, L:/127.0.0.1:56995 - R:localhost/127.0.0.1:41851] for POST '/session/4442906fcd8557937ed8b40b6891486a/element'
[DEBUG] 

Request DefaultHttpRequest(decodeResult: success, version: HTTP/1.1)
POST /session/4442906fcd8557937ed8b40b6891486a/element HTTP/1.1
User-Agent: selenium/4.7.2 (java windows)
Content-Length: 54
Content-Type: application/json; charset=utf-8
host: localhost:41851
accept: */*

Response DefaultHttpResponse(decodeResult: success, version: HTTP/1.1)
HTTP/1.1 200 OK
Content-Type: application/json; charset=utf-8
cache-control: no-cache
content-length: 88

[DEBUG] Adding key: http://localhost:41851 for channel [id: 0xd613bc99, L:/127.0.0.1:56995 - R:localhost/127.0.0.1:41851]
[DEBUG] Using pooled Channel '[id: 0xd613bc99, L:/127.0.0.1:56995 - R:localhost/127.0.0.1:41851]' for 'POST' to 'http://localhost:41851/session/4442906fcd8557937ed8b40b6891486a/element/b0e04dcb-63c4-4323-bc45-6b7a5d0edfcb/value'
[DEBUG] Using open Channel [id: 0xd613bc99, L:/127.0.0.1:56995 - R:localhost/127.0.0.1:41851] for POST '/session/4442906fcd8557937ed8b40b6891486a/element/b0e04dcb-63c4-4323-bc45-6b7a5d0edfcb/value'
[DEBUG] 

Request DefaultHttpRequest(decodeResult: success, version: HTTP/1.1)
POST /session/4442906fcd8557937ed8b40b6891486a/element/b0e04dcb-63c4-4323-bc45-6b7a5d0edfcb/value HTTP/1.1
User-Agent: selenium/4.7.2 (java windows)
Content-Length: 141
Content-Type: application/json; charset=utf-8
host: localhost:41851
accept: */*

Response DefaultHttpResponse(decodeResult: success, version: HTTP/1.1)
HTTP/1.1 200 OK
Content-Type: application/json; charset=utf-8
cache-control: no-cache
content-length: 14

[DEBUG] Adding key: http://localhost:41851 for channel [id: 0xd613bc99, L:/127.0.0.1:56995 - R:localhost/127.0.0.1:41851]
[DEBUG] Using pooled Channel '[id: 0xd613bc99, L:/127.0.0.1:56995 - R:localhost/127.0.0.1:41851]' for 'POST' to 'http://localhost:41851/session/4442906fcd8557937ed8b40b6891486a/element'
[DEBUG] Using open Channel [id: 0xd613bc99, L:/127.0.0.1:56995 - R:localhost/127.0.0.1:41851] for POST '/session/4442906fcd8557937ed8b40b6891486a/element'
[DEBUG] 

Request DefaultHttpRequest(decodeResult: success, version: HTTP/1.1)
POST /session/4442906fcd8557937ed8b40b6891486a/element HTTP/1.1
User-Agent: selenium/4.7.2 (java windows)
Content-Length: 53
Content-Type: application/json; charset=utf-8
host: localhost:41851
accept: */*

Response DefaultHttpResponse(decodeResult: success, version: HTTP/1.1)
HTTP/1.1 200 OK
Content-Type: application/json; charset=utf-8
cache-control: no-cache
content-length: 88

[DEBUG] Adding key: http://localhost:41851 for channel [id: 0xd613bc99, L:/127.0.0.1:56995 - R:localhost/127.0.0.1:41851]
[DEBUG] Using pooled Channel '[id: 0xd613bc99, L:/127.0.0.1:56995 - R:localhost/127.0.0.1:41851]' for 'POST' to 'http://localhost:41851/session/4442906fcd8557937ed8b40b6891486a/element/722d370a-4e3e-466f-81ec-bf905cb2b451/value'
[DEBUG] Using open Channel [id: 0xd613bc99, L:/127.0.0.1:56995 - R:localhost/127.0.0.1:41851] for POST '/session/4442906fcd8557937ed8b40b6891486a/element/722d370a-4e3e-466f-81ec-bf905cb2b451/value'
[DEBUG] 

Request DefaultHttpRequest(decodeResult: success, version: HTTP/1.1)
POST /session/4442906fcd8557937ed8b40b6891486a/element/722d370a-4e3e-466f-81ec-bf905cb2b451/value HTTP/1.1
User-Agent: selenium/4.7.2 (java windows)
Content-Length: 111
Content-Type: application/json; charset=utf-8
host: localhost:41851
accept: */*

Response DefaultHttpResponse(decodeResult: success, version: HTTP/1.1)
HTTP/1.1 200 OK
Content-Type: application/json; charset=utf-8
cache-control: no-cache
content-length: 14

[DEBUG] Adding key: http://localhost:41851 for channel [id: 0xd613bc99, L:/127.0.0.1:56995 - R:localhost/127.0.0.1:41851]
[DEBUG] Using pooled Channel '[id: 0xd613bc99, L:/127.0.0.1:56995 - R:localhost/127.0.0.1:41851]' for 'POST' to 'http://localhost:41851/session/4442906fcd8557937ed8b40b6891486a/element'
[DEBUG] Using open Channel [id: 0xd613bc99, L:/127.0.0.1:56995 - R:localhost/127.0.0.1:41851] for POST '/session/4442906fcd8557937ed8b40b6891486a/element'
[DEBUG] 

Request DefaultHttpRequest(decodeResult: success, version: HTTP/1.1)
POST /session/4442906fcd8557937ed8b40b6891486a/element HTTP/1.1
User-Agent: selenium/4.7.2 (java windows)
Content-Length: 56
Content-Type: application/json; charset=utf-8
host: localhost:41851
accept: */*

Response DefaultHttpResponse(decodeResult: success, version: HTTP/1.1)
HTTP/1.1 200 OK
Content-Type: application/json; charset=utf-8
cache-control: no-cache
content-length: 88

[DEBUG] Adding key: http://localhost:41851 for channel [id: 0xd613bc99, L:/127.0.0.1:56995 - R:localhost/127.0.0.1:41851]
[DEBUG] Using pooled Channel '[id: 0xd613bc99, L:/127.0.0.1:56995 - R:localhost/127.0.0.1:41851]' for 'POST' to 'http://localhost:41851/session/4442906fcd8557937ed8b40b6891486a/element/58902570-0ab6-4557-a72b-9f8102156020/click'
[DEBUG] Using open Channel [id: 0xd613bc99, L:/127.0.0.1:56995 - R:localhost/127.0.0.1:41851] for POST '/session/4442906fcd8557937ed8b40b6891486a/element/58902570-0ab6-4557-a72b-9f8102156020/click'
[DEBUG] 

Request DefaultHttpRequest(decodeResult: success, version: HTTP/1.1)
POST /session/4442906fcd8557937ed8b40b6891486a/element/58902570-0ab6-4557-a72b-9f8102156020/click HTTP/1.1
User-Agent: selenium/4.7.2 (java windows)
Content-Length: 50
Content-Type: application/json; charset=utf-8
host: localhost:41851
accept: */*

Response DefaultHttpResponse(decodeResult: success, version: HTTP/1.1)
HTTP/1.1 200 OK
Content-Type: application/json; charset=utf-8
cache-control: no-cache
content-length: 14

[DEBUG] Adding key: http://localhost:41851 for channel [id: 0xd613bc99, L:/127.0.0.1:56995 - R:localhost/127.0.0.1:41851]
[DEBUG] Using pooled Channel '[id: 0xd613bc99, L:/127.0.0.1:56995 - R:localhost/127.0.0.1:41851]' for 'POST' to 'http://localhost:41851/session/4442906fcd8557937ed8b40b6891486a/element'
[DEBUG] Using open Channel [id: 0xd613bc99, L:/127.0.0.1:56995 - R:localhost/127.0.0.1:41851] for POST '/session/4442906fcd8557937ed8b40b6891486a/element'
[DEBUG] 

Request DefaultHttpRequest(decodeResult: success, version: HTTP/1.1)
POST /session/4442906fcd8557937ed8b40b6891486a/element HTTP/1.1
User-Agent: selenium/4.7.2 (java windows)
Content-Length: 73
Content-Type: application/json; charset=utf-8
host: localhost:41851
accept: */*

Response DefaultHttpResponse(decodeResult: success, version: HTTP/1.1)
HTTP/1.1 200 OK
Content-Type: application/json; charset=utf-8
cache-control: no-cache
content-length: 88

[DEBUG] Adding key: http://localhost:41851 for channel [id: 0xd613bc99, L:/127.0.0.1:56995 - R:localhost/127.0.0.1:41851]
[DEBUG] Using pooled Channel '[id: 0xd613bc99, L:/127.0.0.1:56995 - R:localhost/127.0.0.1:41851]' for 'POST' to 'http://localhost:41851/session/4442906fcd8557937ed8b40b6891486a/element/a7a7833d-9642-41f2-b476-611640fecc3d/value'
[DEBUG] Using open Channel [id: 0xd613bc99, L:/127.0.0.1:56995 - R:localhost/127.0.0.1:41851] for POST '/session/4442906fcd8557937ed8b40b6891486a/element/a7a7833d-9642-41f2-b476-611640fecc3d/value'
[DEBUG] 

Request DefaultHttpRequest(decodeResult: success, version: HTTP/1.1)
POST /session/4442906fcd8557937ed8b40b6891486a/element/a7a7833d-9642-41f2-b476-611640fecc3d/value HTTP/1.1
User-Agent: selenium/4.7.2 (java windows)
Content-Length: 201
Content-Type: application/json; charset=utf-8
host: localhost:41851
accept: */*

Response DefaultHttpResponse(decodeResult: success, version: HTTP/1.1)
HTTP/1.1 200 OK
Content-Type: application/json; charset=utf-8
cache-control: no-cache
content-length: 14

[DEBUG] Adding key: http://localhost:41851 for channel [id: 0xd613bc99, L:/127.0.0.1:56995 - R:localhost/127.0.0.1:41851]
[DEBUG] Using pooled Channel '[id: 0xd613bc99, L:/127.0.0.1:56995 - R:localhost/127.0.0.1:41851]' for 'POST' to 'http://localhost:41851/session/4442906fcd8557937ed8b40b6891486a/element'
[DEBUG] Using open Channel [id: 0xd613bc99, L:/127.0.0.1:56995 - R:localhost/127.0.0.1:41851] for POST '/session/4442906fcd8557937ed8b40b6891486a/element'
[DEBUG] 

Request DefaultHttpRequest(decodeResult: success, version: HTTP/1.1)
POST /session/4442906fcd8557937ed8b40b6891486a/element HTTP/1.1
User-Agent: selenium/4.7.2 (java windows)
Content-Length: 69
Content-Type: application/json; charset=utf-8
host: localhost:41851
accept: */*

Response DefaultHttpResponse(decodeResult: success, version: HTTP/1.1)
HTTP/1.1 200 OK
Content-Type: application/json; charset=utf-8
cache-control: no-cache
content-length: 88

[DEBUG] Adding key: http://localhost:41851 for channel [id: 0xd613bc99, L:/127.0.0.1:56995 - R:localhost/127.0.0.1:41851]
[DEBUG] Using pooled Channel '[id: 0xd613bc99, L:/127.0.0.1:56995 - R:localhost/127.0.0.1:41851]' for 'POST' to 'http://localhost:41851/session/4442906fcd8557937ed8b40b6891486a/element/83fa5d6f-d9c1-4bdd-b6e9-1b60ab02fada/value'
[DEBUG] Using open Channel [id: 0xd613bc99, L:/127.0.0.1:56995 - R:localhost/127.0.0.1:41851] for POST '/session/4442906fcd8557937ed8b40b6891486a/element/83fa5d6f-d9c1-4bdd-b6e9-1b60ab02fada/value'
[DEBUG] 

Request DefaultHttpRequest(decodeResult: success, version: HTTP/1.1)
POST /session/4442906fcd8557937ed8b40b6891486a/element/83fa5d6f-d9c1-4bdd-b6e9-1b60ab02fada/value HTTP/1.1
User-Agent: selenium/4.7.2 (java windows)
Content-Length: 181
Content-Type: application/json; charset=utf-8
host: localhost:41851
accept: */*

Response DefaultHttpResponse(decodeResult: success, version: HTTP/1.1)
HTTP/1.1 200 OK
Content-Type: application/json; charset=utf-8
cache-control: no-cache
content-length: 14

[DEBUG] Adding key: http://localhost:41851 for channel [id: 0xd613bc99, L:/127.0.0.1:56995 - R:localhost/127.0.0.1:41851]
[DEBUG] Using pooled Channel '[id: 0xd613bc99, L:/127.0.0.1:56995 - R:localhost/127.0.0.1:41851]' for 'POST' to 'http://localhost:41851/session/4442906fcd8557937ed8b40b6891486a/element'
[DEBUG] Using open Channel [id: 0xd613bc99, L:/127.0.0.1:56995 - R:localhost/127.0.0.1:41851] for POST '/session/4442906fcd8557937ed8b40b6891486a/element'
[DEBUG] 

Request DefaultHttpRequest(decodeResult: success, version: HTTP/1.1)
POST /session/4442906fcd8557937ed8b40b6891486a/element HTTP/1.1
User-Agent: selenium/4.7.2 (java windows)
Content-Length: 66
Content-Type: application/json; charset=utf-8
host: localhost:41851
accept: */*

Response DefaultHttpResponse(decodeResult: success, version: HTTP/1.1)
HTTP/1.1 200 OK
Content-Type: application/json; charset=utf-8
cache-control: no-cache
content-length: 88

[DEBUG] Adding key: http://localhost:41851 for channel [id: 0xd613bc99, L:/127.0.0.1:56995 - R:localhost/127.0.0.1:41851]
[DEBUG] Using pooled Channel '[id: 0xd613bc99, L:/127.0.0.1:56995 - R:localhost/127.0.0.1:41851]' for 'GET' to 'http://localhost:41851/session/4442906fcd8557937ed8b40b6891486a/element/997b0974-f584-42e2-9eb1-634979fb807c/name'
[DEBUG] Using open Channel [id: 0xd613bc99, L:/127.0.0.1:56995 - R:localhost/127.0.0.1:41851] for GET '/session/4442906fcd8557937ed8b40b6891486a/element/997b0974-f584-42e2-9eb1-634979fb807c/name'
[DEBUG] 

Request DefaultFullHttpRequest(decodeResult: success, version: HTTP/1.1, content: EmptyByteBufBE)
GET /session/4442906fcd8557937ed8b40b6891486a/element/997b0974-f584-42e2-9eb1-634979fb807c/name HTTP/1.1
User-Agent: selenium/4.7.2 (java windows)
Cache-Control: no-cache
Content-Type: application/json; charset=utf-8
host: localhost:41851
accept: */*

Response DefaultHttpResponse(decodeResult: success, version: HTTP/1.1)
HTTP/1.1 200 OK
Content-Type: application/json; charset=utf-8
cache-control: no-cache
content-length: 18

[DEBUG] Adding key: http://localhost:41851 for channel [id: 0xd613bc99, L:/127.0.0.1:56995 - R:localhost/127.0.0.1:41851]
[DEBUG] Using pooled Channel '[id: 0xd613bc99, L:/127.0.0.1:56995 - R:localhost/127.0.0.1:41851]' for 'POST' to 'http://localhost:41851/session/4442906fcd8557937ed8b40b6891486a/element'
[DEBUG] Using open Channel [id: 0xd613bc99, L:/127.0.0.1:56995 - R:localhost/127.0.0.1:41851] for POST '/session/4442906fcd8557937ed8b40b6891486a/element'
[DEBUG] 

Request DefaultHttpRequest(decodeResult: success, version: HTTP/1.1)
POST /session/4442906fcd8557937ed8b40b6891486a/element HTTP/1.1
User-Agent: selenium/4.7.2 (java windows)
Content-Length: 66
Content-Type: application/json; charset=utf-8
host: localhost:41851
accept: */*

Response DefaultHttpResponse(decodeResult: success, version: HTTP/1.1)
HTTP/1.1 200 OK
Content-Type: application/json; charset=utf-8
cache-control: no-cache
content-length: 88

[DEBUG] Adding key: http://localhost:41851 for channel [id: 0xd613bc99, L:/127.0.0.1:56995 - R:localhost/127.0.0.1:41851]
[DEBUG] Using pooled Channel '[id: 0xd613bc99, L:/127.0.0.1:56995 - R:localhost/127.0.0.1:41851]' for 'GET' to 'http://localhost:41851/session/4442906fcd8557937ed8b40b6891486a/element/997b0974-f584-42e2-9eb1-634979fb807c/attribute/multiple'
[DEBUG] Using open Channel [id: 0xd613bc99, L:/127.0.0.1:56995 - R:localhost/127.0.0.1:41851] for GET '/session/4442906fcd8557937ed8b40b6891486a/element/997b0974-f584-42e2-9eb1-634979fb807c/attribute/multiple'
[DEBUG] 

Request DefaultFullHttpRequest(decodeResult: success, version: HTTP/1.1, content: EmptyByteBufBE)
GET /session/4442906fcd8557937ed8b40b6891486a/element/997b0974-f584-42e2-9eb1-634979fb807c/attribute/multiple HTTP/1.1
User-Agent: selenium/4.7.2 (java windows)
Cache-Control: no-cache
Content-Type: application/json; charset=utf-8
host: localhost:41851
accept: */*

Response DefaultHttpResponse(decodeResult: success, version: HTTP/1.1)
HTTP/1.1 200 OK
Content-Type: application/json; charset=utf-8
cache-control: no-cache
content-length: 14

[DEBUG] Adding key: http://localhost:41851 for channel [id: 0xd613bc99, L:/127.0.0.1:56995 - R:localhost/127.0.0.1:41851]
[DEBUG] Using pooled Channel '[id: 0xd613bc99, L:/127.0.0.1:56995 - R:localhost/127.0.0.1:41851]' for 'POST' to 'http://localhost:41851/session/4442906fcd8557937ed8b40b6891486a/element'
[DEBUG] Using open Channel [id: 0xd613bc99, L:/127.0.0.1:56995 - R:localhost/127.0.0.1:41851] for POST '/session/4442906fcd8557937ed8b40b6891486a/element'
[DEBUG] 

Request DefaultHttpRequest(decodeResult: success, version: HTTP/1.1)
POST /session/4442906fcd8557937ed8b40b6891486a/element HTTP/1.1
User-Agent: selenium/4.7.2 (java windows)
Content-Length: 66
Content-Type: application/json; charset=utf-8
host: localhost:41851
accept: */*

Response DefaultHttpResponse(decodeResult: success, version: HTTP/1.1)
HTTP/1.1 200 OK
Content-Type: application/json; charset=utf-8
cache-control: no-cache
content-length: 88

[DEBUG] Adding key: http://localhost:41851 for channel [id: 0xd613bc99, L:/127.0.0.1:56995 - R:localhost/127.0.0.1:41851]
[DEBUG] Using pooled Channel '[id: 0xd613bc99, L:/127.0.0.1:56995 - R:localhost/127.0.0.1:41851]' for 'GET' to 'http://localhost:41851/session/4442906fcd8557937ed8b40b6891486a/element/997b0974-f584-42e2-9eb1-634979fb807c/enabled'
[DEBUG] Using open Channel [id: 0xd613bc99, L:/127.0.0.1:56995 - R:localhost/127.0.0.1:41851] for GET '/session/4442906fcd8557937ed8b40b6891486a/element/997b0974-f584-42e2-9eb1-634979fb807c/enabled'
[DEBUG] 

Request DefaultFullHttpRequest(decodeResult: success, version: HTTP/1.1, content: EmptyByteBufBE)
GET /session/4442906fcd8557937ed8b40b6891486a/element/997b0974-f584-42e2-9eb1-634979fb807c/enabled HTTP/1.1
User-Agent: selenium/4.7.2 (java windows)
Cache-Control: no-cache
Content-Type: application/json; charset=utf-8
host: localhost:41851
accept: */*

Response DefaultHttpResponse(decodeResult: success, version: HTTP/1.1)
HTTP/1.1 200 OK
Content-Type: application/json; charset=utf-8
cache-control: no-cache
content-length: 14

[DEBUG] Adding key: http://localhost:41851 for channel [id: 0xd613bc99, L:/127.0.0.1:56995 - R:localhost/127.0.0.1:41851]
[DEBUG] Using pooled Channel '[id: 0xd613bc99, L:/127.0.0.1:56995 - R:localhost/127.0.0.1:41851]' for 'POST' to 'http://localhost:41851/session/4442906fcd8557937ed8b40b6891486a/element'
[DEBUG] Using open Channel [id: 0xd613bc99, L:/127.0.0.1:56995 - R:localhost/127.0.0.1:41851] for POST '/session/4442906fcd8557937ed8b40b6891486a/element'
[DEBUG] 

Request DefaultHttpRequest(decodeResult: success, version: HTTP/1.1)
POST /session/4442906fcd8557937ed8b40b6891486a/element HTTP/1.1
User-Agent: selenium/4.7.2 (java windows)
Content-Length: 66
Content-Type: application/json; charset=utf-8
host: localhost:41851
accept: */*

Response DefaultHttpResponse(decodeResult: success, version: HTTP/1.1)
HTTP/1.1 200 OK
Content-Type: application/json; charset=utf-8
cache-control: no-cache
content-length: 88

[DEBUG] Adding key: http://localhost:41851 for channel [id: 0xd613bc99, L:/127.0.0.1:56995 - R:localhost/127.0.0.1:41851]
[DEBUG] Using pooled Channel '[id: 0xd613bc99, L:/127.0.0.1:56995 - R:localhost/127.0.0.1:41851]' for 'POST' to 'http://localhost:41851/session/4442906fcd8557937ed8b40b6891486a/element/997b0974-f584-42e2-9eb1-634979fb807c/elements'
[DEBUG] Using open Channel [id: 0xd613bc99, L:/127.0.0.1:56995 - R:localhost/127.0.0.1:41851] for POST '/session/4442906fcd8557937ed8b40b6891486a/element/997b0974-f584-42e2-9eb1-634979fb807c/elements'
[DEBUG] Entry count for : http://localhost:57000 : 1
[DEBUG] 

Request DefaultHttpRequest(decodeResult: success, version: HTTP/1.1)
POST /session/4442906fcd8557937ed8b40b6891486a/element/997b0974-f584-42e2-9eb1-634979fb807c/elements HTTP/1.1
User-Agent: selenium/4.7.2 (java windows)
Content-Length: 139
Content-Type: application/json; charset=utf-8
host: localhost:41851
accept: */*

Response DefaultHttpResponse(decodeResult: success, version: HTTP/1.1)
HTTP/1.1 200 OK
Content-Type: application/json; charset=utf-8
cache-control: no-cache
content-length: 90

[DEBUG] Adding key: http://localhost:41851 for channel [id: 0xd613bc99, L:/127.0.0.1:56995 - R:localhost/127.0.0.1:41851]
[DEBUG] Using pooled Channel '[id: 0xd613bc99, L:/127.0.0.1:56995 - R:localhost/127.0.0.1:41851]' for 'GET' to 'http://localhost:41851/session/4442906fcd8557937ed8b40b6891486a/element/1b93660f-f4e1-482c-8c46-a3b1c0c0a44b/enabled'
[DEBUG] Using open Channel [id: 0xd613bc99, L:/127.0.0.1:56995 - R:localhost/127.0.0.1:41851] for GET '/session/4442906fcd8557937ed8b40b6891486a/element/1b93660f-f4e1-482c-8c46-a3b1c0c0a44b/enabled'
[DEBUG] 

Request DefaultFullHttpRequest(decodeResult: success, version: HTTP/1.1, content: EmptyByteBufBE)
GET /session/4442906fcd8557937ed8b40b6891486a/element/1b93660f-f4e1-482c-8c46-a3b1c0c0a44b/enabled HTTP/1.1
User-Agent: selenium/4.7.2 (java windows)
Cache-Control: no-cache
Content-Type: application/json; charset=utf-8
host: localhost:41851
accept: */*

Response DefaultHttpResponse(decodeResult: success, version: HTTP/1.1)
HTTP/1.1 200 OK
Content-Type: application/json; charset=utf-8
cache-control: no-cache
content-length: 14

[DEBUG] Adding key: http://localhost:41851 for channel [id: 0xd613bc99, L:/127.0.0.1:56995 - R:localhost/127.0.0.1:41851]
[DEBUG] Using pooled Channel '[id: 0xd613bc99, L:/127.0.0.1:56995 - R:localhost/127.0.0.1:41851]' for 'GET' to 'http://localhost:41851/session/4442906fcd8557937ed8b40b6891486a/element/1b93660f-f4e1-482c-8c46-a3b1c0c0a44b/selected'
[DEBUG] Using open Channel [id: 0xd613bc99, L:/127.0.0.1:56995 - R:localhost/127.0.0.1:41851] for GET '/session/4442906fcd8557937ed8b40b6891486a/element/1b93660f-f4e1-482c-8c46-a3b1c0c0a44b/selected'
[DEBUG] 

Request DefaultFullHttpRequest(decodeResult: success, version: HTTP/1.1, content: EmptyByteBufBE)
GET /session/4442906fcd8557937ed8b40b6891486a/element/1b93660f-f4e1-482c-8c46-a3b1c0c0a44b/selected HTTP/1.1
User-Agent: selenium/4.7.2 (java windows)
Cache-Control: no-cache
Content-Type: application/json; charset=utf-8
host: localhost:41851
accept: */*

Response DefaultHttpResponse(decodeResult: success, version: HTTP/1.1)
HTTP/1.1 200 OK
Content-Type: application/json; charset=utf-8
cache-control: no-cache
content-length: 15

[DEBUG] Adding key: http://localhost:41851 for channel [id: 0xd613bc99, L:/127.0.0.1:56995 - R:localhost/127.0.0.1:41851]
[DEBUG] Using pooled Channel '[id: 0xd613bc99, L:/127.0.0.1:56995 - R:localhost/127.0.0.1:41851]' for 'POST' to 'http://localhost:41851/session/4442906fcd8557937ed8b40b6891486a/element/1b93660f-f4e1-482c-8c46-a3b1c0c0a44b/click'
[DEBUG] Using open Channel [id: 0xd613bc99, L:/127.0.0.1:56995 - R:localhost/127.0.0.1:41851] for POST '/session/4442906fcd8557937ed8b40b6891486a/element/1b93660f-f4e1-482c-8c46-a3b1c0c0a44b/click'
[DEBUG] 

Request DefaultHttpRequest(decodeResult: success, version: HTTP/1.1)
POST /session/4442906fcd8557937ed8b40b6891486a/element/1b93660f-f4e1-482c-8c46-a3b1c0c0a44b/click HTTP/1.1
User-Agent: selenium/4.7.2 (java windows)
Content-Length: 50
Content-Type: application/json; charset=utf-8
host: localhost:41851
accept: */*

Response DefaultHttpResponse(decodeResult: success, version: HTTP/1.1)
HTTP/1.1 200 OK
Content-Type: application/json; charset=utf-8
cache-control: no-cache
content-length: 14

[DEBUG] Adding key: http://localhost:41851 for channel [id: 0xd613bc99, L:/127.0.0.1:56995 - R:localhost/127.0.0.1:41851]
[DEBUG] Using pooled Channel '[id: 0xd613bc99, L:/127.0.0.1:56995 - R:localhost/127.0.0.1:41851]' for 'POST' to 'http://localhost:41851/session/4442906fcd8557937ed8b40b6891486a/element'
[DEBUG] Using open Channel [id: 0xd613bc99, L:/127.0.0.1:56995 - R:localhost/127.0.0.1:41851] for POST '/session/4442906fcd8557937ed8b40b6891486a/element'
[DEBUG] 

Request DefaultHttpRequest(decodeResult: success, version: HTTP/1.1)
POST /session/4442906fcd8557937ed8b40b6891486a/element HTTP/1.1
User-Agent: selenium/4.7.2 (java windows)
Content-Length: 77
Content-Type: application/json; charset=utf-8
host: localhost:41851
accept: */*

Response DefaultHttpResponse(decodeResult: success, version: HTTP/1.1)
HTTP/1.1 200 OK
Content-Type: application/json; charset=utf-8
cache-control: no-cache
content-length: 88

[DEBUG] Adding key: http://localhost:41851 for channel [id: 0xd613bc99, L:/127.0.0.1:56995 - R:localhost/127.0.0.1:41851]
[DEBUG] Using pooled Channel '[id: 0xd613bc99, L:/127.0.0.1:56995 - R:localhost/127.0.0.1:41851]' for 'POST' to 'http://localhost:41851/session/4442906fcd8557937ed8b40b6891486a/element/c8fffe23-e5ff-4b87-837b-58b78714cd7a/value'
[DEBUG] Using open Channel [id: 0xd613bc99, L:/127.0.0.1:56995 - R:localhost/127.0.0.1:41851] for POST '/session/4442906fcd8557937ed8b40b6891486a/element/c8fffe23-e5ff-4b87-837b-58b78714cd7a/value'
[DEBUG] 

Request DefaultHttpRequest(decodeResult: success, version: HTTP/1.1)
POST /session/4442906fcd8557937ed8b40b6891486a/element/c8fffe23-e5ff-4b87-837b-58b78714cd7a/value HTTP/1.1
User-Agent: selenium/4.7.2 (java windows)
Content-Length: 211
Content-Type: application/json; charset=utf-8
host: localhost:41851
accept: */*

Response DefaultHttpResponse(decodeResult: success, version: HTTP/1.1)
HTTP/1.1 200 OK
Content-Type: application/json; charset=utf-8
cache-control: no-cache
content-length: 14

[DEBUG] Adding key: http://localhost:41851 for channel [id: 0xd613bc99, L:/127.0.0.1:56995 - R:localhost/127.0.0.1:41851]
  When User enter customer info                                                           # StepDefination.StepDef.user_enter_customer_info()
This is after step..
This is before step..
[DEBUG] Using pooled Channel '[id: 0xd613bc99, L:/127.0.0.1:56995 - R:localhost/127.0.0.1:41851]' for 'POST' to 'http://localhost:41851/session/4442906fcd8557937ed8b40b6891486a/element'
[DEBUG] Using open Channel [id: 0xd613bc99, L:/127.0.0.1:56995 - R:localhost/127.0.0.1:41851] for POST '/session/4442906fcd8557937ed8b40b6891486a/element'
[DEBUG] 

Request DefaultHttpRequest(decodeResult: success, version: HTTP/1.1)
POST /session/4442906fcd8557937ed8b40b6891486a/element HTTP/1.1
User-Agent: selenium/4.7.2 (java windows)
Content-Length: 69
Content-Type: application/json; charset=utf-8
host: localhost:41851
accept: */*

Response DefaultHttpResponse(decodeResult: success, version: HTTP/1.1)
HTTP/1.1 200 OK
Content-Type: application/json; charset=utf-8
cache-control: no-cache
content-length: 88

[DEBUG] Adding key: http://localhost:41851 for channel [id: 0xd613bc99, L:/127.0.0.1:56995 - R:localhost/127.0.0.1:41851]
[DEBUG] Using pooled Channel '[id: 0xd613bc99, L:/127.0.0.1:56995 - R:localhost/127.0.0.1:41851]' for 'POST' to 'http://localhost:41851/session/4442906fcd8557937ed8b40b6891486a/element/f52015d0-4232-4074-9c26-701abb89bf61/click'
[DEBUG] Using open Channel [id: 0xd613bc99, L:/127.0.0.1:56995 - R:localhost/127.0.0.1:41851] for POST '/session/4442906fcd8557937ed8b40b6891486a/element/f52015d0-4232-4074-9c26-701abb89bf61/click'
[DEBUG] Entry count for : http://localhost:57000 : 1
[DEBUG] Entry count for : http://localhost:57000 : 1
[DEBUG] 

Request DefaultHttpRequest(decodeResult: success, version: HTTP/1.1)
POST /session/4442906fcd8557937ed8b40b6891486a/element/f52015d0-4232-4074-9c26-701abb89bf61/click HTTP/1.1
User-Agent: selenium/4.7.2 (java windows)
Content-Length: 50
Content-Type: application/json; charset=utf-8
host: localhost:41851
accept: */*

Response DefaultHttpResponse(decodeResult: success, version: HTTP/1.1)
HTTP/1.1 200 OK
Content-Type: application/json; charset=utf-8
cache-control: no-cache
content-length: 14

[DEBUG] Adding key: http://localhost:41851 for channel [id: 0xd613bc99, L:/127.0.0.1:56995 - R:localhost/127.0.0.1:41851]
  And Click on save button                                                                # StepDefination.StepDef.click_on_save_button()
This is after step..
This is before step..
[DEBUG] Using pooled Channel '[id: 0xd613bc99, L:/127.0.0.1:56995 - R:localhost/127.0.0.1:41851]' for 'POST' to 'http://localhost:41851/session/4442906fcd8557937ed8b40b6891486a/element'
[DEBUG] Using open Channel [id: 0xd613bc99, L:/127.0.0.1:56995 - R:localhost/127.0.0.1:41851] for POST '/session/4442906fcd8557937ed8b40b6891486a/element'
[DEBUG] 

Request DefaultHttpRequest(decodeResult: success, version: HTTP/1.1)
POST /session/4442906fcd8557937ed8b40b6891486a/element HTTP/1.1
User-Agent: selenium/4.7.2 (java windows)
Content-Length: 100
Content-Type: application/json; charset=utf-8
host: localhost:41851
accept: */*

Response DefaultHttpResponse(decodeResult: success, version: HTTP/1.1)
HTTP/1.1 200 OK
Content-Type: application/json; charset=utf-8
cache-control: no-cache
content-length: 88

[DEBUG] Adding key: http://localhost:41851 for channel [id: 0xd613bc99, L:/127.0.0.1:56995 - R:localhost/127.0.0.1:41851]
[DEBUG] Using pooled Channel '[id: 0xd613bc99, L:/127.0.0.1:56995 - R:localhost/127.0.0.1:41851]' for 'GET' to 'http://localhost:41851/session/4442906fcd8557937ed8b40b6891486a/element/bd757a18-fa88-46b1-bd12-ca3ccc6be86b/text'
[DEBUG] Using open Channel [id: 0xd613bc99, L:/127.0.0.1:56995 - R:localhost/127.0.0.1:41851] for GET '/session/4442906fcd8557937ed8b40b6891486a/element/bd757a18-fa88-46b1-bd12-ca3ccc6be86b/text'
[DEBUG] 

Request DefaultFullHttpRequest(decodeResult: success, version: HTTP/1.1, content: EmptyByteBufBE)
GET /session/4442906fcd8557937ed8b40b6891486a/element/bd757a18-fa88-46b1-bd12-ca3ccc6be86b/text HTTP/1.1
User-Agent: selenium/4.7.2 (java windows)
Cache-Control: no-cache
Content-Type: application/json; charset=utf-8
host: localhost:41851
accept: */*

Response DefaultHttpResponse(decodeResult: success, version: HTTP/1.1)
HTTP/1.1 200 OK
Content-Type: application/json; charset=utf-8
cache-control: no-cache
content-length: 61

[DEBUG] Adding key: http://localhost:41851 for channel [id: 0xd613bc99, L:/127.0.0.1:56995 - R:localhost/127.0.0.1:41851]
  Then User can view confirmation message "The new customer has been added successfully." # StepDefination.StepDef.user_can_view_confirmation_message(java.lang.String)
This is after step..
This is before step..
[DEBUG] Using pooled Channel '[id: 0xd613bc99, L:/127.0.0.1:56995 - R:localhost/127.0.0.1:41851]' for 'DELETE' to 'http://localhost:41851/session/4442906fcd8557937ed8b40b6891486a/window'
[DEBUG] Using open Channel [id: 0xd613bc99, L:/127.0.0.1:56995 - R:localhost/127.0.0.1:41851] for DELETE '/session/4442906fcd8557937ed8b40b6891486a/window'
[DEBUG] Channel Closed: [id: 0x538d271b, L:/127.0.0.1:57015 ! R:localhost/127.0.0.1:57000] with attribute DISCARD
[DEBUG] Channel Closed: [id: 0xeecaca98, L:/127.0.0.1:57016 ! R:localhost/127.0.0.1:57000] with attribute NettyResponseFuture{currentRetry=0,
	isDone=1,
	isCancelled=0,
	asyncHandler=org.asynchttpclient.ws.WebSocketUpgradeHandler@673f0d51,
	nettyRequest=org.asynchttpclient.netty.request.NettyRequest@d9f7658,
	future=java.util.concurrent.CompletableFuture@575478b7[Completed normally],
	uri=ws://localhost:57000/devtools/browser/fb03fcf5-33c7-4a3c-88fc-680b5820a894,
	keepAlive=true,
	redirectCount=0,
	timeoutsHolder=null,
	inAuth=0,
	touch=1674147617102}
[DEBUG] Closing Channel [id: 0xeecaca98, L:/127.0.0.1:57016 ! R:localhost/127.0.0.1:57000] 
[DEBUG] Entry count for : http://localhost:57000 : 1
[DEBUG] Adding Candidate expired Channel [id: 0x538d271b, L:/127.0.0.1:57015 ! R:localhost/127.0.0.1:57000] isIdleTimeoutExpired=false isRemotelyClosed=true isTtlExpired=false
[DEBUG] Closing Idle Channel [id: 0x538d271b, L:/127.0.0.1:57015 ! R:localhost/127.0.0.1:57000]
[DEBUG] Closed 1 connections out of 1 in 1 ms
[DEBUG] 

Request DefaultFullHttpRequest(decodeResult: success, version: HTTP/1.1, content: EmptyByteBufBE)
DELETE /session/4442906fcd8557937ed8b40b6891486a/window HTTP/1.1
User-Agent: selenium/4.7.2 (java windows)
Content-Type: application/json; charset=utf-8
host: localhost:41851
accept: */*

Response DefaultHttpResponse(decodeResult: success, version: HTTP/1.1)
HTTP/1.1 200 OK
Content-Type: application/json; charset=utf-8
cache-control: no-cache
content-length: 12

[DEBUG] Adding key: http://localhost:41851 for channel [id: 0xd613bc99, L:/127.0.0.1:56995 - R:localhost/127.0.0.1:41851]
  And Close browser                                                                       # StepDefination.StepDef.close_browser()
This is after step..
Tear down method executed..
[DEBUG] Using pooled Channel '[id: 0xd613bc99, L:/127.0.0.1:56995 - R:localhost/127.0.0.1:41851]' for 'DELETE' to 'http://localhost:41851/session/4442906fcd8557937ed8b40b6891486a'
[DEBUG] Using open Channel [id: 0xd613bc99, L:/127.0.0.1:56995 - R:localhost/127.0.0.1:41851] for DELETE '/session/4442906fcd8557937ed8b40b6891486a'
[DEBUG] 

Request DefaultFullHttpRequest(decodeResult: success, version: HTTP/1.1, content: EmptyByteBufBE)
DELETE /session/4442906fcd8557937ed8b40b6891486a HTTP/1.1
User-Agent: selenium/4.7.2 (java windows)
Content-Type: application/json; charset=utf-8
host: localhost:41851
accept: */*

Response DefaultHttpResponse(decodeResult: success, version: HTTP/1.1)
HTTP/1.1 200 OK
Content-Type: application/json; charset=utf-8
cache-control: no-cache
content-length: 14

[DEBUG] Adding key: http://localhost:41851 for channel [id: 0xd613bc99, L:/127.0.0.1:56995 - R:localhost/127.0.0.1:41851]
[DEBUG] Channel Closed: [id: 0xd613bc99, L:/127.0.0.1:56995 ! R:localhost/127.0.0.1:41851] with attribute DISCARD
]]></system-out>
    <system-err><![CDATA[Starting ChromeDriver 109.0.5414.74 (e7c5703604daa9cc128ccf5a5d3e993513758913-refs/branch-heads/5414@{#1172}) on port 41851
Only local connections are allowed.
Please see https://chromedriver.chromium.org/security-considerations for suggestions on keeping ChromeDriver safe.
ChromeDriver was started successfully.
Jan 19, 2023 10:30:17 PM org.openqa.selenium.devtools.CdpVersionFinder findNearestMatch
WARNING: Unable to find an exact match for CDP version 109, so returning the closest version found: 108
[1674147634.088][WARNING]: Timed out connecting to Chrome, retrying...
[1674147642.164][WARNING]: Timed out connecting to Chrome, retrying...
]]></system-err>
  </testcase>
</testsuite>